<?xml version="1.0" encoding="UTF-8"?>
<testsuites name="Demo Test Suite" time="678" tests="2" failures="1" errors="0">
   <testsuite name="Demo Test Suite" tests="2" failures="1" errors="0" time="678" timestamp="2019-08-26 20:17:05" hostname="ranitha - CEI3094.CEIIND.COM" id="Test Suites/Demo Test Suite">
      <properties>
         <property name="deviceName" value=""/>
         <property name="devicePlatform" value=""/>
         <property name="logFolder" value="C:\\Users\\ranitha\\git\\DEMO\\Reports\\Demo Test Suite\\20190826_201659"/>
         <property name="logFiles" value="C:\\Users\\ranitha\\git\\DEMO\\Reports\\Demo Test Suite\\20190826_201659\\execution0.log"/>
         <property name="attachments" value="C:\\Users\\ranitha\\git\\DEMO\\Reports\\Demo Test Suite\\20190826_201659\\D:/Katalon/screenshot/image_08_26_19-08_17_31.PNG, C:\\Users\\ranitha\\git\\DEMO\\Reports\\Demo Test Suite\\20190826_201659\\D:/Katalon/screenshot/image_08_26_19-08_28_22.PNG"/>
         <property name="hostName" value="ranitha - CEI3094.CEIIND.COM"/>
         <property name="os" value="Windows 10 64bit"/>
         <property name="katalonVersion" value="6.0.5.4"/>
         <property name="browser" value="Chrome 76.0.3809.100"/>
         <property name="hostAddress" value="192.168.30.71"/>
         <property name="sessionId" value="d00f7bead9eda2d62f568d5be13b0cd0"/>
         <property name="seleniumVersion" value="3.7.1"/>
         <property name="proxyInformation" value="ProxyInformation{proxyOption=NO_PROXY, proxyServerType=HTTP, password=, proxyServerAddress=, proxyServerPort=0}"/>
         <property name="platform" value="Windows 10"/>
      </properties>
      <testcase name="Test Cases/Verify Login" classname="Test Cases/Verify Login" status="PASSED">
         <system-out><![CDATA[2019-08-26 20:17:05 - [TEST_CASE][PASSED] - Test Cases/Verify Login: Test Cases/Verify Login

2019-08-26 20:17:06 - [TEST_STEP][PASSED] - closeBrowser(): Browser is closed

2019-08-26 20:17:07 - [MESSAGE][PASSED] - Browser is closed

2019-08-26 20:17:07 - [TEST_STEP][PASSED] - deleteAllCookies(): Delete all cookies successfully

2019-08-26 20:17:07 - [MESSAGE][WARNING] - Cannot delete cookies because browser is closed

2019-08-26 20:17:07 - [MESSAGE][PASSED] - Delete all cookies successfully

2019-08-26 20:17:07 - [TEST_STEP][PASSED] - openBrowser(""): Browser is opened with url: ''

2019-08-26 20:17:07 - [MESSAGE][INFO] - Starting 'Chrome' driver

2019-08-26 20:17:07 - [MESSAGE][INFO] - Action delay is set to 0 seconds

2019-08-26 20:17:21 - [MESSAGE][PASSED] - Browser is opened with url: ''

2019-08-26 20:17:21 - [TEST_STEP][PASSED] - navigateToUrl("google.com"): Navigate to 'http://google.com' successfully

2019-08-26 20:17:31 - [MESSAGE][PASSED] - Navigate to 'http://google.com' successfully

2019-08-26 20:17:31 - [TEST_STEP][PASSED] - today = new java.util.Date(): null

2019-08-26 20:17:31 - [TEST_STEP][PASSED] - todaysDate = today.format("MM_dd_yy"): null

2019-08-26 20:17:31 - [TEST_STEP][PASSED] - nowTime = today.format("hh_mm_ss"): null

2019-08-26 20:17:31 - [TEST_STEP][PASSED] - takeScreenshot("D:/Katalon/screenshot/image_" + todaysDate + "-" + nowTime + ".PNG"): Taking screenshot successfully

2019-08-26 20:17:32 - [MESSAGE][PASSED] - Taking screenshot successfully
[[ATTACHMENT|C:\\Users\\ranitha\\git\\DEMO\\Reports\\Demo Test Suite\\20190826_201659\\D:/Katalon/screenshot/image_08_26_19-08_17_31.PNG]]]]></system-out>
         <system-err><![CDATA[]]></system-err>
      </testcase>
      <testcase name="Test Cases/VerifyBrokenLinks_Fail_Scenario" classname="Test Cases/VerifyBrokenLinks_Fail_Scenario" status="FAILED">
         <failure type="FAILED" message="Test Cases/VerifyBrokenLinks_Fail_Scenario FAILED.
Reason:
com.kms.katalon.core.exception.StepFailedException: Unable to verify all links on the page 'http://www.deadlinkcity.com/' are accessible
	at com.kms.katalon.core.keyword.internal.KeywordMain.stepFailed(KeywordMain.groovy:48)
	at com.kms.katalon.core.webui.keyword.internal.WebUIKeywordMain.stepFailed(WebUIKeywordMain.groovy:65)
	at com.kms.katalon.core.webui.keyword.internal.WebUIKeywordMain.runKeyword(WebUIKeywordMain.groovy:27)
	at com.kms.katalon.core.webui.keyword.builtin.VerifyAllLinksOnCurrentPageAccessibleKeyword.verifyAllLinksOnCurrentPageAccessible(VerifyAllLinksOnCurrentPageAccessibleKeyword.groovy:48)
	at com.kms.katalon.core.webui.keyword.builtin.VerifyAllLinksOnCurrentPageAccessibleKeyword.execute(VerifyAllLinksOnCurrentPageAccessibleKeyword.groovy:32)
	at com.kms.katalon.core.keyword.internal.KeywordExecutor.executeKeywordForPlatform(KeywordExecutor.groovy:56)
	at com.kms.katalon.core.webui.keyword.WebUiBuiltInKeywords.verifyAllLinksOnCurrentPageAccessible(WebUiBuiltInKeywords.groovy:3754)
	at com.kms.katalon.core.webui.keyword.WebUiBuiltInKeywords$verifyAllLinksOnCurrentPageAccessible$5.call(Unknown Source)
	at VerifyBrokenLinks_Fail_Scenario.run(VerifyBrokenLinks_Fail_Scenario:22)
	at com.kms.katalon.core.main.ScriptEngine.run(ScriptEngine.java:194)
	at com.kms.katalon.core.main.ScriptEngine.runScriptAsRawText(ScriptEngine.java:119)
	at com.kms.katalon.core.main.TestCaseExecutor.runScript(TestCaseExecutor.java:331)
	at com.kms.katalon.core.main.TestCaseExecutor.doExecute(TestCaseExecutor.java:322)
	at com.kms.katalon.core.main.TestCaseExecutor.processExecutionPhase(TestCaseExecutor.java:301)
	at com.kms.katalon.core.main.TestCaseExecutor.accessMainPhase(TestCaseExecutor.java:293)
	at com.kms.katalon.core.main.TestCaseExecutor.execute(TestCaseExecutor.java:227)
	at com.kms.katalon.core.main.TestSuiteExecutor.accessTestCaseMainPhase(TestSuiteExecutor.java:129)
	at com.kms.katalon.core.main.TestSuiteExecutor.accessTestSuiteMainPhase(TestSuiteExecutor.java:112)
	at com.kms.katalon.core.main.TestSuiteExecutor.execute(TestSuiteExecutor.java:81)
	at com.kms.katalon.core.main.TestCaseMain.startTestSuite(TestCaseMain.java:157)
	at com.kms.katalon.core.main.TestCaseMain$startTestSuite$0.call(Unknown Source)
	at TempTestSuite1566830819230.run(TempTestSuite1566830819230.groovy:35)
"/>
         <system-out><![CDATA[2019-08-26 20:17:32 - [TEST_CASE][FAILED] - Test Cases/VerifyBrokenLinks_Fail_Scenario: Test Cases/VerifyBrokenLinks_Fail_Scenario FAILED.
Reason:
com.kms.katalon.core.exception.StepFailedException: Unable to verify all links on the page 'http://www.deadlinkcity.com/' are accessible
	at com.kms.katalon.core.keyword.internal.KeywordMain.stepFailed(KeywordMain.groovy:48)
	at com.kms.katalon.core.webui.keyword.internal.WebUIKeywordMain.stepFailed(WebUIKeywordMain.groovy:65)
	at com.kms.katalon.core.webui.keyword.internal.WebUIKeywordMain.runKeyword(WebUIKeywordMain.groovy:27)
	at com.kms.katalon.core.webui.keyword.builtin.VerifyAllLinksOnCurrentPageAccessibleKeyword.verifyAllLinksOnCurrentPageAccessible(VerifyAllLinksOnCurrentPageAccessibleKeyword.groovy:48)
	at com.kms.katalon.core.webui.keyword.builtin.VerifyAllLinksOnCurrentPageAccessibleKeyword.execute(VerifyAllLinksOnCurrentPageAccessibleKeyword.groovy:32)
	at com.kms.katalon.core.keyword.internal.KeywordExecutor.executeKeywordForPlatform(KeywordExecutor.groovy:56)
	at com.kms.katalon.core.webui.keyword.WebUiBuiltInKeywords.verifyAllLinksOnCurrentPageAccessible(WebUiBuiltInKeywords.groovy:3754)
	at com.kms.katalon.core.webui.keyword.WebUiBuiltInKeywords$verifyAllLinksOnCurrentPageAccessible$5.call(Unknown Source)
	at VerifyBrokenLinks_Fail_Scenario.run(VerifyBrokenLinks_Fail_Scenario:22)
	at com.kms.katalon.core.main.ScriptEngine.run(ScriptEngine.java:194)
	at com.kms.katalon.core.main.ScriptEngine.runScriptAsRawText(ScriptEngine.java:119)
	at com.kms.katalon.core.main.TestCaseExecutor.runScript(TestCaseExecutor.java:331)
	at com.kms.katalon.core.main.TestCaseExecutor.doExecute(TestCaseExecutor.java:322)
	at com.kms.katalon.core.main.TestCaseExecutor.processExecutionPhase(TestCaseExecutor.java:301)
	at com.kms.katalon.core.main.TestCaseExecutor.accessMainPhase(TestCaseExecutor.java:293)
	at com.kms.katalon.core.main.TestCaseExecutor.execute(TestCaseExecutor.java:227)
	at com.kms.katalon.core.main.TestSuiteExecutor.accessTestCaseMainPhase(TestSuiteExecutor.java:129)
	at com.kms.katalon.core.main.TestSuiteExecutor.accessTestSuiteMainPhase(TestSuiteExecutor.java:112)
	at com.kms.katalon.core.main.TestSuiteExecutor.execute(TestSuiteExecutor.java:81)
	at com.kms.katalon.core.main.TestCaseMain.startTestSuite(TestCaseMain.java:157)
	at com.kms.katalon.core.main.TestCaseMain$startTestSuite$0.call(Unknown Source)
	at TempTestSuite1566830819230.run(TempTestSuite1566830819230.groovy:35)


2019-08-26 20:17:32 - [TEST_STEP][PASSED] - openBrowser(""): Browser is opened with url: ''

2019-08-26 20:17:32 - [MESSAGE][WARNING] - A browser is already opened. Closing browser and opening a new one

2019-08-26 20:17:34 - [MESSAGE][INFO] - Starting 'Chrome' driver

2019-08-26 20:17:41 - [MESSAGE][PASSED] - Browser is opened with url: ''

2019-08-26 20:17:41 - [TEST_STEP][PASSED] - navigateToUrl("www.deadlinkcity.com"): Navigate to 'http://www.deadlinkcity.com' successfully

2019-08-26 20:17:46 - [MESSAGE][PASSED] - Navigate to 'http://www.deadlinkcity.com' successfully

2019-08-26 20:17:46 - [TEST_STEP][PASSED] - getAllLinksOnCurrentPage(false, []): Found 64 unique links on the page http://www.deadlinkcity.com/

2019-08-26 20:17:47 - [MESSAGE][PASSED] - Found 64 unique links on the page http://www.deadlinkcity.com/

2019-08-26 20:17:47 - [TEST_STEP][FAILED] - verifyAllLinksOnCurrentPageAccessible(false, []): verifyAllLinksOnCurrentPageAccessible(false, []) FAILED.
Reason:
com.kms.katalon.core.exception.StepFailedException: Unable to verify all links on the page 'http://www.deadlinkcity.com/' are accessible
	at com.kms.katalon.core.keyword.internal.KeywordMain.stepFailed(KeywordMain.groovy:48)
	at com.kms.katalon.core.webui.keyword.internal.WebUIKeywordMain.stepFailed(WebUIKeywordMain.groovy:65)
	at com.kms.katalon.core.webui.keyword.internal.WebUIKeywordMain.runKeyword(WebUIKeywordMain.groovy:27)
	at com.kms.katalon.core.webui.keyword.builtin.VerifyAllLinksOnCurrentPageAccessibleKeyword.verifyAllLinksOnCurrentPageAccessible(VerifyAllLinksOnCurrentPageAccessibleKeyword.groovy:48)
	at com.kms.katalon.core.webui.keyword.builtin.VerifyAllLinksOnCurrentPageAccessibleKeyword.execute(VerifyAllLinksOnCurrentPageAccessibleKeyword.groovy:32)
	at com.kms.katalon.core.keyword.internal.KeywordExecutor.executeKeywordForPlatform(KeywordExecutor.groovy:56)
	at com.kms.katalon.core.webui.keyword.WebUiBuiltInKeywords.verifyAllLinksOnCurrentPageAccessible(WebUiBuiltInKeywords.groovy:3754)
	at com.kms.katalon.core.webui.keyword.WebUiBuiltInKeywords$verifyAllLinksOnCurrentPageAccessible$5.call(Unknown Source)
	at VerifyBrokenLinks_Fail_Scenario.run(VerifyBrokenLinks_Fail_Scenario:22)
	at com.kms.katalon.core.main.ScriptEngine.run(ScriptEngine.java:194)
	at com.kms.katalon.core.main.ScriptEngine.runScriptAsRawText(ScriptEngine.java:119)
	at com.kms.katalon.core.main.TestCaseExecutor.runScript(TestCaseExecutor.java:331)
	at com.kms.katalon.core.main.TestCaseExecutor.doExecute(TestCaseExecutor.java:322)
	at com.kms.katalon.core.main.TestCaseExecutor.processExecutionPhase(TestCaseExecutor.java:301)
	at com.kms.katalon.core.main.TestCaseExecutor.accessMainPhase(TestCaseExecutor.java:293)
	at com.kms.katalon.core.main.TestCaseExecutor.execute(TestCaseExecutor.java:227)
	at com.kms.katalon.core.main.TestSuiteExecutor.accessTestCaseMainPhase(TestSuiteExecutor.java:129)
	at com.kms.katalon.core.main.TestSuiteExecutor.accessTestSuiteMainPhase(TestSuiteExecutor.java:112)
	at com.kms.katalon.core.main.TestSuiteExecutor.execute(TestSuiteExecutor.java:81)
	at com.kms.katalon.core.main.TestCaseMain.startTestSuite(TestCaseMain.java:157)
	at com.kms.katalon.core.main.TestCaseMain$startTestSuite$0.call(Unknown Source)
	at TempTestSuite1566830819230.run(TempTestSuite1566830819230.groovy:35)


2019-08-26 20:17:48 - [MESSAGE][PASSED] - Found 64 unique links on the page http://www.deadlinkcity.com/

2019-08-26 20:17:56 - [MESSAGE][INFO] - HAR: C:\Users\ranitha\git\DEMO\Reports\Demo Test Suite\20190826_201659\requests\main\0.har

2019-08-26 20:17:56 - [MESSAGE][PASSED] - Send request successfully

2019-08-26 20:17:57 - [MESSAGE][INFO] - HAR: C:\Users\ranitha\git\DEMO\Reports\Demo Test Suite\20190826_201659\requests\main\1.har

2019-08-26 20:17:57 - [MESSAGE][PASSED] - Send request successfully

2019-08-26 20:17:58 - [MESSAGE][INFO] - HAR: C:\Users\ranitha\git\DEMO\Reports\Demo Test Suite\20190826_201659\requests\main\2.har

2019-08-26 20:17:58 - [MESSAGE][PASSED] - Send request successfully

2019-08-26 20:17:59 - [MESSAGE][INFO] - HAR: C:\Users\ranitha\git\DEMO\Reports\Demo Test Suite\20190826_201659\requests\main\3.har

2019-08-26 20:17:59 - [MESSAGE][PASSED] - Send request successfully

2019-08-26 20:18:00 - [MESSAGE][INFO] - HAR: C:\Users\ranitha\git\DEMO\Reports\Demo Test Suite\20190826_201659\requests\main\4.har

2019-08-26 20:18:00 - [MESSAGE][PASSED] - Send request successfully

2019-08-26 20:18:02 - [MESSAGE][INFO] - HAR: C:\Users\ranitha\git\DEMO\Reports\Demo Test Suite\20190826_201659\requests\main\5.har

2019-08-26 20:18:02 - [MESSAGE][PASSED] - Send request successfully

2019-08-26 20:18:03 - [MESSAGE][INFO] - HAR: C:\Users\ranitha\git\DEMO\Reports\Demo Test Suite\20190826_201659\requests\main\6.har

2019-08-26 20:18:03 - [MESSAGE][PASSED] - Send request successfully

2019-08-26 20:18:05 - [MESSAGE][INFO] - HAR: C:\Users\ranitha\git\DEMO\Reports\Demo Test Suite\20190826_201659\requests\main\7.har

2019-08-26 20:18:05 - [MESSAGE][PASSED] - Send request successfully

2019-08-26 20:18:06 - [MESSAGE][INFO] - HAR: C:\Users\ranitha\git\DEMO\Reports\Demo Test Suite\20190826_201659\requests\main\8.har

2019-08-26 20:18:06 - [MESSAGE][PASSED] - Send request successfully

2019-08-26 20:18:08 - [MESSAGE][INFO] - HAR: C:\Users\ranitha\git\DEMO\Reports\Demo Test Suite\20190826_201659\requests\main\9.har

2019-08-26 20:18:08 - [MESSAGE][PASSED] - Send request successfully

2019-08-26 20:18:08 - [MESSAGE][INFO] - HAR: C:\Users\ranitha\git\DEMO\Reports\Demo Test Suite\20190826_201659\requests\main\10.har

2019-08-26 20:18:08 - [MESSAGE][PASSED] - Send request successfully

2019-08-26 20:18:10 - [MESSAGE][INFO] - HAR: C:\Users\ranitha\git\DEMO\Reports\Demo Test Suite\20190826_201659\requests\main\11.har

2019-08-26 20:18:10 - [MESSAGE][PASSED] - Send request successfully

2019-08-26 20:18:11 - [MESSAGE][INFO] - HAR: C:\Users\ranitha\git\DEMO\Reports\Demo Test Suite\20190826_201659\requests\main\12.har

2019-08-26 20:18:11 - [MESSAGE][PASSED] - Send request successfully

2019-08-26 20:18:12 - [MESSAGE][INFO] - HAR: C:\Users\ranitha\git\DEMO\Reports\Demo Test Suite\20190826_201659\requests\main\13.har

2019-08-26 20:18:12 - [MESSAGE][PASSED] - Send request successfully

2019-08-26 20:18:13 - [MESSAGE][INFO] - HAR: C:\Users\ranitha\git\DEMO\Reports\Demo Test Suite\20190826_201659\requests\main\14.har

2019-08-26 20:18:13 - [MESSAGE][PASSED] - Send request successfully

2019-08-26 20:18:14 - [MESSAGE][INFO] - HAR: C:\Users\ranitha\git\DEMO\Reports\Demo Test Suite\20190826_201659\requests\main\15.har

2019-08-26 20:18:14 - [MESSAGE][PASSED] - Send request successfully

2019-08-26 20:18:15 - [MESSAGE][INFO] - HAR: C:\Users\ranitha\git\DEMO\Reports\Demo Test Suite\20190826_201659\requests\main\16.har

2019-08-26 20:18:15 - [MESSAGE][PASSED] - Send request successfully

2019-08-26 20:18:16 - [MESSAGE][INFO] - HAR: C:\Users\ranitha\git\DEMO\Reports\Demo Test Suite\20190826_201659\requests\main\17.har

2019-08-26 20:18:16 - [MESSAGE][PASSED] - Send request successfully

2019-08-26 20:18:17 - [MESSAGE][INFO] - HAR: C:\Users\ranitha\git\DEMO\Reports\Demo Test Suite\20190826_201659\requests\main\18.har

2019-08-26 20:18:17 - [MESSAGE][PASSED] - Send request successfully

2019-08-26 20:18:18 - [MESSAGE][INFO] - HAR: C:\Users\ranitha\git\DEMO\Reports\Demo Test Suite\20190826_201659\requests\main\19.har

2019-08-26 20:18:18 - [MESSAGE][PASSED] - Send request successfully

2019-08-26 20:18:19 - [MESSAGE][INFO] - HAR: C:\Users\ranitha\git\DEMO\Reports\Demo Test Suite\20190826_201659\requests\main\20.har

2019-08-26 20:18:19 - [MESSAGE][PASSED] - Send request successfully

2019-08-26 20:18:21 - [MESSAGE][INFO] - HAR: C:\Users\ranitha\git\DEMO\Reports\Demo Test Suite\20190826_201659\requests\main\21.har

2019-08-26 20:18:21 - [MESSAGE][PASSED] - Send request successfully

2019-08-26 20:18:22 - [MESSAGE][INFO] - HAR: C:\Users\ranitha\git\DEMO\Reports\Demo Test Suite\20190826_201659\requests\main\22.har

2019-08-26 20:18:22 - [MESSAGE][PASSED] - Send request successfully

2019-08-26 20:18:23 - [MESSAGE][INFO] - HAR: C:\Users\ranitha\git\DEMO\Reports\Demo Test Suite\20190826_201659\requests\main\23.har

2019-08-26 20:18:23 - [MESSAGE][PASSED] - Send request successfully

2019-08-26 20:18:24 - [MESSAGE][INFO] - HAR: C:\Users\ranitha\git\DEMO\Reports\Demo Test Suite\20190826_201659\requests\main\24.har

2019-08-26 20:18:24 - [MESSAGE][PASSED] - Send request successfully

2019-08-26 20:18:25 - [MESSAGE][INFO] - HAR: C:\Users\ranitha\git\DEMO\Reports\Demo Test Suite\20190826_201659\requests\main\25.har

2019-08-26 20:18:25 - [MESSAGE][PASSED] - Send request successfully

2019-08-26 20:18:26 - [MESSAGE][INFO] - HAR: C:\Users\ranitha\git\DEMO\Reports\Demo Test Suite\20190826_201659\requests\main\26.har

2019-08-26 20:18:26 - [MESSAGE][PASSED] - Send request successfully

2019-08-26 20:18:27 - [MESSAGE][INFO] - HAR: C:\Users\ranitha\git\DEMO\Reports\Demo Test Suite\20190826_201659\requests\main\27.har

2019-08-26 20:18:27 - [MESSAGE][PASSED] - Send request successfully

2019-08-26 20:18:29 - [MESSAGE][INFO] - HAR: C:\Users\ranitha\git\DEMO\Reports\Demo Test Suite\20190826_201659\requests\main\28.har

2019-08-26 20:18:29 - [MESSAGE][PASSED] - Send request successfully

2019-08-26 20:18:30 - [MESSAGE][INFO] - HAR: C:\Users\ranitha\git\DEMO\Reports\Demo Test Suite\20190826_201659\requests\main\29.har

2019-08-26 20:18:30 - [MESSAGE][PASSED] - Send request successfully

2019-08-26 20:18:31 - [MESSAGE][INFO] - HAR: C:\Users\ranitha\git\DEMO\Reports\Demo Test Suite\20190826_201659\requests\main\30.har

2019-08-26 20:18:31 - [MESSAGE][PASSED] - Send request successfully

2019-08-26 20:18:32 - [MESSAGE][INFO] - HAR: C:\Users\ranitha\git\DEMO\Reports\Demo Test Suite\20190826_201659\requests\main\31.har

2019-08-26 20:18:32 - [MESSAGE][PASSED] - Send request successfully

2019-08-26 20:18:33 - [MESSAGE][INFO] - HAR: C:\Users\ranitha\git\DEMO\Reports\Demo Test Suite\20190826_201659\requests\main\32.har

2019-08-26 20:18:33 - [MESSAGE][PASSED] - Send request successfully

2019-08-26 20:18:34 - [MESSAGE][INFO] - HAR: C:\Users\ranitha\git\DEMO\Reports\Demo Test Suite\20190826_201659\requests\main\33.har

2019-08-26 20:18:34 - [MESSAGE][PASSED] - Send request successfully

2019-08-26 20:18:35 - [MESSAGE][INFO] - HAR: C:\Users\ranitha\git\DEMO\Reports\Demo Test Suite\20190826_201659\requests\main\34.har

2019-08-26 20:18:35 - [MESSAGE][PASSED] - Send request successfully

2019-08-26 20:18:37 - [MESSAGE][INFO] - HAR: C:\Users\ranitha\git\DEMO\Reports\Demo Test Suite\20190826_201659\requests\main\35.har

2019-08-26 20:18:37 - [MESSAGE][PASSED] - Send request successfully

2019-08-26 20:18:38 - [MESSAGE][INFO] - HAR: C:\Users\ranitha\git\DEMO\Reports\Demo Test Suite\20190826_201659\requests\main\36.har

2019-08-26 20:18:38 - [MESSAGE][PASSED] - Send request successfully

2019-08-26 20:18:39 - [MESSAGE][INFO] - HAR: C:\Users\ranitha\git\DEMO\Reports\Demo Test Suite\20190826_201659\requests\main\37.har

2019-08-26 20:18:39 - [MESSAGE][PASSED] - Send request successfully

2019-08-26 20:18:45 - [MESSAGE][INFO] - HAR: C:\Users\ranitha\git\DEMO\Reports\Demo Test Suite\20190826_201659\requests\main\38.har

2019-08-26 20:18:45 - [MESSAGE][PASSED] - Send request successfully

2019-08-26 20:18:46 - [MESSAGE][INFO] - HAR: C:\Users\ranitha\git\DEMO\Reports\Demo Test Suite\20190826_201659\requests\main\39.har

2019-08-26 20:18:46 - [MESSAGE][PASSED] - Send request successfully

2019-08-26 20:18:46 - [MESSAGE][INFO] - HAR: C:\Users\ranitha\git\DEMO\Reports\Demo Test Suite\20190826_201659\requests\main\40.har

2019-08-26 20:18:46 - [MESSAGE][PASSED] - Send request successfully

2019-08-26 20:18:47 - [MESSAGE][INFO] - HAR: C:\Users\ranitha\git\DEMO\Reports\Demo Test Suite\20190826_201659\requests\main\41.har

2019-08-26 20:18:47 - [MESSAGE][PASSED] - Send request successfully

2019-08-26 20:18:49 - [MESSAGE][INFO] - HAR: C:\Users\ranitha\git\DEMO\Reports\Demo Test Suite\20190826_201659\requests\main\42.har

2019-08-26 20:18:49 - [MESSAGE][PASSED] - Send request successfully

2019-08-26 20:18:49 - [MESSAGE][INFO] - HAR: C:\Users\ranitha\git\DEMO\Reports\Demo Test Suite\20190826_201659\requests\main\43.har

2019-08-26 20:18:49 - [MESSAGE][PASSED] - Send request successfully

2019-08-26 20:18:50 - [MESSAGE][INFO] - HAR: C:\Users\ranitha\git\DEMO\Reports\Demo Test Suite\20190826_201659\requests\main\44.har

2019-08-26 20:18:50 - [MESSAGE][PASSED] - Send request successfully

2019-08-26 20:18:52 - [MESSAGE][INFO] - HAR: C:\Users\ranitha\git\DEMO\Reports\Demo Test Suite\20190826_201659\requests\main\45.har

2019-08-26 20:18:52 - [MESSAGE][PASSED] - Send request successfully

2019-08-26 20:18:53 - [MESSAGE][INFO] - HAR: C:\Users\ranitha\git\DEMO\Reports\Demo Test Suite\20190826_201659\requests\main\46.har

2019-08-26 20:18:53 - [MESSAGE][PASSED] - Send request successfully

2019-08-26 20:18:53 - [MESSAGE][INFO] - HAR: C:\Users\ranitha\git\DEMO\Reports\Demo Test Suite\20190826_201659\requests\main\47.har

2019-08-26 20:18:53 - [MESSAGE][PASSED] - Send request successfully

2019-08-26 20:18:53 - [MESSAGE][INFO] - HAR: C:\Users\ranitha\git\DEMO\Reports\Demo Test Suite\20190826_201659\requests\main\48.har

2019-08-26 20:18:53 - [MESSAGE][PASSED] - Send request successfully

2019-08-26 20:18:54 - [MESSAGE][INFO] - HAR: C:\Users\ranitha\git\DEMO\Reports\Demo Test Suite\20190826_201659\requests\main\49.har

2019-08-26 20:18:54 - [MESSAGE][PASSED] - Send request successfully

2019-08-26 20:18:54 - [MESSAGE][INFO] - HAR: C:\Users\ranitha\git\DEMO\Reports\Demo Test Suite\20190826_201659\requests\main\50.har

2019-08-26 20:18:54 - [MESSAGE][PASSED] - Send request successfully

2019-08-26 20:18:54 - [MESSAGE][INFO] - HAR: C:\Users\ranitha\git\DEMO\Reports\Demo Test Suite\20190826_201659\requests\main\51.har

2019-08-26 20:18:54 - [MESSAGE][PASSED] - Send request successfully

2019-08-26 20:18:54 - [MESSAGE][INFO] - HAR: C:\Users\ranitha\git\DEMO\Reports\Demo Test Suite\20190826_201659\requests\main\52.har

2019-08-26 20:18:54 - [MESSAGE][PASSED] - Send request successfully

2019-08-26 20:18:55 - [MESSAGE][INFO] - HAR: C:\Users\ranitha\git\DEMO\Reports\Demo Test Suite\20190826_201659\requests\main\53.har

2019-08-26 20:18:55 - [MESSAGE][PASSED] - Send request successfully

2019-08-26 20:18:55 - [MESSAGE][INFO] - HAR: C:\Users\ranitha\git\DEMO\Reports\Demo Test Suite\20190826_201659\requests\main\54.har

2019-08-26 20:18:55 - [MESSAGE][PASSED] - Send request successfully

2019-08-26 20:18:55 - [MESSAGE][INFO] - HAR: C:\Users\ranitha\git\DEMO\Reports\Demo Test Suite\20190826_201659\requests\main\55.har

2019-08-26 20:18:55 - [MESSAGE][PASSED] - Send request successfully

2019-08-26 20:18:56 - [MESSAGE][INFO] - HAR: C:\Users\ranitha\git\DEMO\Reports\Demo Test Suite\20190826_201659\requests\main\56.har

2019-08-26 20:18:56 - [MESSAGE][PASSED] - Send request successfully

2019-08-26 20:18:56 - [MESSAGE][INFO] - HAR: C:\Users\ranitha\git\DEMO\Reports\Demo Test Suite\20190826_201659\requests\main\57.har

2019-08-26 20:18:56 - [MESSAGE][PASSED] - Send request successfully

2019-08-26 20:18:56 - [MESSAGE][INFO] - HAR: C:\Users\ranitha\git\DEMO\Reports\Demo Test Suite\20190826_201659\requests\main\58.har

2019-08-26 20:18:56 - [MESSAGE][PASSED] - Send request successfully

2019-08-26 20:18:56 - [MESSAGE][INFO] - HAR: C:\Users\ranitha\git\DEMO\Reports\Demo Test Suite\20190826_201659\requests\main\59.har

2019-08-26 20:18:56 - [MESSAGE][PASSED] - Send request successfully

2019-08-26 20:18:57 - [MESSAGE][INFO] - HAR: C:\Users\ranitha\git\DEMO\Reports\Demo Test Suite\20190826_201659\requests\main\60.har

2019-08-26 20:18:57 - [MESSAGE][PASSED] - Send request successfully

2019-08-26 20:18:57 - [MESSAGE][INFO] - HAR: C:\Users\ranitha\git\DEMO\Reports\Demo Test Suite\20190826_201659\requests\main\61.har

2019-08-26 20:18:57 - [MESSAGE][PASSED] - Send request successfully

2019-08-26 20:18:57 - [MESSAGE][INFO] - HAR: C:\Users\ranitha\git\DEMO\Reports\Demo Test Suite\20190826_201659\requests\main\62.har

2019-08-26 20:18:57 - [MESSAGE][PASSED] - Send request successfully

2019-08-26 20:18:57 - [MESSAGE][INFO] - HAR: C:\Users\ranitha\git\DEMO\Reports\Demo Test Suite\20190826_201659\requests\main\63.har

2019-08-26 20:18:57 - [MESSAGE][PASSED] - Send request successfully

2019-08-26 20:18:57 - [MESSAGE][WARNING] - Found 57 inaccessible links [http://www.deadlinkcity.com/missing-head-link-href.txt, http://www.deadlinkcity.com/error-page.asp?e=400, http://www.deadlinkcity.com/error-page.asp?e=401, http://www.deadlinkcity.com/error-page.asp?e=402, http://www.deadlinkcity.com/error-page.asp?e=403, http://www.deadlinkcity.com/error-page.asp?e=404, http://www.deadlinkcity.com/error-page.asp?e=405, http://www.deadlinkcity.com/error-page.asp?e=406, http://www.deadlinkcity.com/error-page.asp?e=407, http://www.deadlinkcity.com/error-page.asp?e=408, http://www.deadlinkcity.com/error-page.asp?e=409, http://www.deadlinkcity.com/error-page.asp?e=410, http://www.deadlinkcity.com/error-page.asp?e=411, http://www.deadlinkcity.com/error-page.asp?e=412, http://www.deadlinkcity.com/error-page.asp?e=413, http://www.deadlinkcity.com/error-page.asp?e=414, http://www.deadlinkcity.com/error-page.asp?e=415, http://www.deadlinkcity.com/error-page.asp?e=416, http://www.deadlinkcity.com/error-page.asp?e=417, http://www.deadlinkcity.com/error-page.asp?e=420, http://www.deadlinkcity.com/error-page.asp?e=422, http://www.deadlinkcity.com/error-page.asp?e=423, http://www.deadlinkcity.com/error-page.asp?e=424, http://www.deadlinkcity.com/error-page.asp?e=429, http://www.deadlinkcity.com/error-page.asp?e=431, http://www.deadlinkcity.com/error-page.asp?e=450, http://www.deadlinkcity.com/error-page.asp?e=500, http://www.deadlinkcity.com/error-page.asp?e=501, http://www.deadlinkcity.com/error-page.asp?e=502, http://www.deadlinkcity.com/error-page.asp?e=503, http://www.deadlinkcity.com/error-page.asp?e=504, http://www.deadlinkcity.com/error-page.asp?e=505, http://www.deadlinkcity.com/error-page.asp?e=506, http://www.deadlinkcity.com/error-page.asp?e=507, http://www.deadlinkcity.com/error-page.asp?e=509, http://www.deadlinkcity.com/error-page.asp?e=510, http://www.deadlinkcity.com/page-not-found.asp, http://www.deadlinkcity.com/default.asp?r=4, http://www.deadlinkcity.com/default.asp?r=5, http://www.deadlinkcity.com/default.asp?r=6, http://www.deadlinkcity.com/default.asp?r=7, http://www.deadlinkcity.com/disallowed/disallowed.html, http://www.deadlinkcity.com/disallowed/nonexistent.html, http://www.deadlinkcity.com/missing-area-test.asp, http://www.deadlinkcity.com/missing-audio-src.mp3, http://www.deadlinkcity.com/missing-sound.mp3, http://www.deadlinkcity.com/missing-blockquote-cite.html, http://www.deadlinkcity.com/missing-del-cite.html, http://www.deadlinkcity.com/missing-embed-src.swf, http://www.deadlinkcity.com/missing-iframe-src.html, http://www.deadlinkcity.com/images/missing-img-src.jpg, http://www.deadlinkcity.com/images/missing-input-src.jpg, http://www.deadlinkcity.com/missing-ins-cite.html, http://www.deadlinkcity.com/missing-object-data.swf, http://www.deadlinkcity.com/missing-q-cite.html, http://www.deadlinkcity.com/missing-script-src.js, http://www.deadlinkcity.com/missing-video-src.mp4]

2019-08-26 20:18:57 - [MESSAGE][FAILED] - Some of links on the current page are inaccessible

2019-08-26 20:18:57 - [MESSAGE][FAILED] - Unable to verify all links on the page 'http://www.deadlinkcity.com/' are accessible

2019-08-26 20:18:57 - [MESSAGE][FAILED] - verifyAllLinksOnCurrentPageAccessible(false, []) FAILED.
Reason:
com.kms.katalon.core.exception.StepFailedException: Unable to verify all links on the page 'http://www.deadlinkcity.com/' are accessible
	at com.kms.katalon.core.keyword.internal.KeywordMain.stepFailed(KeywordMain.groovy:48)
	at com.kms.katalon.core.webui.keyword.internal.WebUIKeywordMain.stepFailed(WebUIKeywordMain.groovy:65)
	at com.kms.katalon.core.webui.keyword.internal.WebUIKeywordMain.runKeyword(WebUIKeywordMain.groovy:27)
	at com.kms.katalon.core.webui.keyword.builtin.VerifyAllLinksOnCurrentPageAccessibleKeyword.verifyAllLinksOnCurrentPageAccessible(VerifyAllLinksOnCurrentPageAccessibleKeyword.groovy:48)
	at com.kms.katalon.core.webui.keyword.builtin.VerifyAllLinksOnCurrentPageAccessibleKeyword.execute(VerifyAllLinksOnCurrentPageAccessibleKeyword.groovy:32)
	at com.kms.katalon.core.keyword.internal.KeywordExecutor.executeKeywordForPlatform(KeywordExecutor.groovy:56)
	at com.kms.katalon.core.webui.keyword.WebUiBuiltInKeywords.verifyAllLinksOnCurrentPageAccessible(WebUiBuiltInKeywords.groovy:3754)
	at com.kms.katalon.core.webui.keyword.WebUiBuiltInKeywords$verifyAllLinksOnCurrentPageAccessible$5.call(Unknown Source)
	at VerifyBrokenLinks_Fail_Scenario.run(VerifyBrokenLinks_Fail_Scenario:22)
	at com.kms.katalon.core.main.ScriptEngine.run(ScriptEngine.java:194)
	at com.kms.katalon.core.main.ScriptEngine.runScriptAsRawText(ScriptEngine.java:119)
	at com.kms.katalon.core.main.TestCaseExecutor.runScript(TestCaseExecutor.java:331)
	at com.kms.katalon.core.main.TestCaseExecutor.doExecute(TestCaseExecutor.java:322)
	at com.kms.katalon.core.main.TestCaseExecutor.processExecutionPhase(TestCaseExecutor.java:301)
	at com.kms.katalon.core.main.TestCaseExecutor.accessMainPhase(TestCaseExecutor.java:293)
	at com.kms.katalon.core.main.TestCaseExecutor.execute(TestCaseExecutor.java:227)
	at com.kms.katalon.core.main.TestSuiteExecutor.accessTestCaseMainPhase(TestSuiteExecutor.java:129)
	at com.kms.katalon.core.main.TestSuiteExecutor.accessTestSuiteMainPhase(TestSuiteExecutor.java:112)
	at com.kms.katalon.core.main.TestSuiteExecutor.execute(TestSuiteExecutor.java:81)
	at com.kms.katalon.core.main.TestCaseMain.startTestSuite(TestCaseMain.java:157)
	at com.kms.katalon.core.main.TestCaseMain$startTestSuite$0.call(Unknown Source)
	at TempTestSuite1566830819230.run(TempTestSuite1566830819230.groovy:35)]]></system-out>
         <system-err><![CDATA[2019-08-26 20:17:32 - [TEST_CASE][FAILED] - Test Cases/VerifyBrokenLinks_Fail_Scenario: Test Cases/VerifyBrokenLinks_Fail_Scenario FAILED.
Reason:
com.kms.katalon.core.exception.StepFailedException: Unable to verify all links on the page 'http://www.deadlinkcity.com/' are accessible
	at com.kms.katalon.core.keyword.internal.KeywordMain.stepFailed(KeywordMain.groovy:48)
	at com.kms.katalon.core.webui.keyword.internal.WebUIKeywordMain.stepFailed(WebUIKeywordMain.groovy:65)
	at com.kms.katalon.core.webui.keyword.internal.WebUIKeywordMain.runKeyword(WebUIKeywordMain.groovy:27)
	at com.kms.katalon.core.webui.keyword.builtin.VerifyAllLinksOnCurrentPageAccessibleKeyword.verifyAllLinksOnCurrentPageAccessible(VerifyAllLinksOnCurrentPageAccessibleKeyword.groovy:48)
	at com.kms.katalon.core.webui.keyword.builtin.VerifyAllLinksOnCurrentPageAccessibleKeyword.execute(VerifyAllLinksOnCurrentPageAccessibleKeyword.groovy:32)
	at com.kms.katalon.core.keyword.internal.KeywordExecutor.executeKeywordForPlatform(KeywordExecutor.groovy:56)
	at com.kms.katalon.core.webui.keyword.WebUiBuiltInKeywords.verifyAllLinksOnCurrentPageAccessible(WebUiBuiltInKeywords.groovy:3754)
	at com.kms.katalon.core.webui.keyword.WebUiBuiltInKeywords$verifyAllLinksOnCurrentPageAccessible$5.call(Unknown Source)
	at VerifyBrokenLinks_Fail_Scenario.run(VerifyBrokenLinks_Fail_Scenario:22)
	at com.kms.katalon.core.main.ScriptEngine.run(ScriptEngine.java:194)
	at com.kms.katalon.core.main.ScriptEngine.runScriptAsRawText(ScriptEngine.java:119)
	at com.kms.katalon.core.main.TestCaseExecutor.runScript(TestCaseExecutor.java:331)
	at com.kms.katalon.core.main.TestCaseExecutor.doExecute(TestCaseExecutor.java:322)
	at com.kms.katalon.core.main.TestCaseExecutor.processExecutionPhase(TestCaseExecutor.java:301)
	at com.kms.katalon.core.main.TestCaseExecutor.accessMainPhase(TestCaseExecutor.java:293)
	at com.kms.katalon.core.main.TestCaseExecutor.execute(TestCaseExecutor.java:227)
	at com.kms.katalon.core.main.TestSuiteExecutor.accessTestCaseMainPhase(TestSuiteExecutor.java:129)
	at com.kms.katalon.core.main.TestSuiteExecutor.accessTestSuiteMainPhase(TestSuiteExecutor.java:112)
	at com.kms.katalon.core.main.TestSuiteExecutor.execute(TestSuiteExecutor.java:81)
	at com.kms.katalon.core.main.TestCaseMain.startTestSuite(TestCaseMain.java:157)
	at com.kms.katalon.core.main.TestCaseMain$startTestSuite$0.call(Unknown Source)
	at TempTestSuite1566830819230.run(TempTestSuite1566830819230.groovy:35)]]></system-err>
      </testcase>
      <testcase name="Test Cases/VerifyBrokenLinks_Pass_Scenario" classname="Test Cases/VerifyBrokenLinks_Pass_Scenario" status="PASSED">
         <system-out><![CDATA[2019-08-26 20:18:57 - [TEST_CASE][PASSED] - Test Cases/VerifyBrokenLinks_Pass_Scenario: Test Cases/VerifyBrokenLinks_Pass_Scenario

2019-08-26 20:18:58 - [TEST_STEP][PASSED] - openBrowser(""): Browser is opened with url: ''

2019-08-26 20:18:58 - [MESSAGE][WARNING] - A browser is already opened. Closing browser and opening a new one

2019-08-26 20:18:59 - [MESSAGE][INFO] - Starting 'Chrome' driver

2019-08-26 20:19:06 - [MESSAGE][PASSED] - Browser is opened with url: ''

2019-08-26 20:19:06 - [TEST_STEP][PASSED] - navigateToUrl("https://www.api.org/"): Navigate to 'https://www.api.org/' successfully

2019-08-26 20:19:22 - [MESSAGE][PASSED] - Navigate to 'https://www.api.org/' successfully

2019-08-26 20:19:22 - [TEST_STEP][PASSED] - getAllLinksOnCurrentPage(false, []): Found 235 unique links on the page https://www.api.org/

2019-08-26 20:19:28 - [MESSAGE][PASSED] - Found 235 unique links on the page https://www.api.org/

2019-08-26 20:19:28 - [TEST_STEP][PASSED] - verifyAllLinksOnCurrentPageAccessible(false, []): All links on the page 'https://www.api.org/' are accessible

2019-08-26 20:19:33 - [MESSAGE][PASSED] - Found 235 unique links on the page https://www.api.org/

2019-08-26 20:19:37 - [MESSAGE][INFO] - HAR: C:\Users\ranitha\git\DEMO\Reports\Demo Test Suite\20190826_201659\requests\main\64.har

2019-08-26 20:19:37 - [MESSAGE][PASSED] - Send request successfully

2019-08-26 20:19:39 - [MESSAGE][INFO] - HAR: C:\Users\ranitha\git\DEMO\Reports\Demo Test Suite\20190826_201659\requests\main\65.har

2019-08-26 20:19:39 - [MESSAGE][PASSED] - Send request successfully

2019-08-26 20:19:40 - [MESSAGE][INFO] - HAR: C:\Users\ranitha\git\DEMO\Reports\Demo Test Suite\20190826_201659\requests\main\66.har

2019-08-26 20:19:40 - [MESSAGE][PASSED] - Send request successfully

2019-08-26 20:19:43 - [MESSAGE][INFO] - HAR: C:\Users\ranitha\git\DEMO\Reports\Demo Test Suite\20190826_201659\requests\main\67.har

2019-08-26 20:19:43 - [MESSAGE][PASSED] - Send request successfully

2019-08-26 20:19:44 - [MESSAGE][INFO] - HAR: C:\Users\ranitha\git\DEMO\Reports\Demo Test Suite\20190826_201659\requests\main\68.har

2019-08-26 20:19:44 - [MESSAGE][PASSED] - Send request successfully

2019-08-26 20:19:45 - [MESSAGE][INFO] - HAR: C:\Users\ranitha\git\DEMO\Reports\Demo Test Suite\20190826_201659\requests\main\69.har

2019-08-26 20:19:45 - [MESSAGE][PASSED] - Send request successfully

2019-08-26 20:19:46 - [MESSAGE][INFO] - HAR: C:\Users\ranitha\git\DEMO\Reports\Demo Test Suite\20190826_201659\requests\main\70.har

2019-08-26 20:19:46 - [MESSAGE][PASSED] - Send request successfully

2019-08-26 20:19:48 - [MESSAGE][INFO] - HAR: C:\Users\ranitha\git\DEMO\Reports\Demo Test Suite\20190826_201659\requests\main\71.har

2019-08-26 20:19:48 - [MESSAGE][PASSED] - Send request successfully

2019-08-26 20:19:50 - [MESSAGE][INFO] - HAR: C:\Users\ranitha\git\DEMO\Reports\Demo Test Suite\20190826_201659\requests\main\72.har

2019-08-26 20:19:50 - [MESSAGE][PASSED] - Send request successfully

2019-08-26 20:19:52 - [MESSAGE][INFO] - HAR: C:\Users\ranitha\git\DEMO\Reports\Demo Test Suite\20190826_201659\requests\main\73.har

2019-08-26 20:19:52 - [MESSAGE][PASSED] - Send request successfully

2019-08-26 20:19:54 - [MESSAGE][INFO] - HAR: C:\Users\ranitha\git\DEMO\Reports\Demo Test Suite\20190826_201659\requests\main\74.har

2019-08-26 20:19:54 - [MESSAGE][PASSED] - Send request successfully

2019-08-26 20:19:56 - [MESSAGE][INFO] - HAR: C:\Users\ranitha\git\DEMO\Reports\Demo Test Suite\20190826_201659\requests\main\75.har

2019-08-26 20:19:56 - [MESSAGE][PASSED] - Send request successfully

2019-08-26 20:19:58 - [MESSAGE][INFO] - HAR: C:\Users\ranitha\git\DEMO\Reports\Demo Test Suite\20190826_201659\requests\main\76.har

2019-08-26 20:19:58 - [MESSAGE][PASSED] - Send request successfully

2019-08-26 20:20:00 - [MESSAGE][INFO] - HAR: C:\Users\ranitha\git\DEMO\Reports\Demo Test Suite\20190826_201659\requests\main\77.har

2019-08-26 20:20:00 - [MESSAGE][PASSED] - Send request successfully

2019-08-26 20:20:02 - [MESSAGE][INFO] - HAR: C:\Users\ranitha\git\DEMO\Reports\Demo Test Suite\20190826_201659\requests\main\78.har

2019-08-26 20:20:02 - [MESSAGE][PASSED] - Send request successfully

2019-08-26 20:20:05 - [MESSAGE][INFO] - HAR: C:\Users\ranitha\git\DEMO\Reports\Demo Test Suite\20190826_201659\requests\main\79.har

2019-08-26 20:20:05 - [MESSAGE][PASSED] - Send request successfully

2019-08-26 20:20:07 - [MESSAGE][INFO] - HAR: C:\Users\ranitha\git\DEMO\Reports\Demo Test Suite\20190826_201659\requests\main\80.har

2019-08-26 20:20:07 - [MESSAGE][PASSED] - Send request successfully

2019-08-26 20:20:09 - [MESSAGE][INFO] - HAR: C:\Users\ranitha\git\DEMO\Reports\Demo Test Suite\20190826_201659\requests\main\81.har

2019-08-26 20:20:09 - [MESSAGE][PASSED] - Send request successfully

2019-08-26 20:20:11 - [MESSAGE][INFO] - HAR: C:\Users\ranitha\git\DEMO\Reports\Demo Test Suite\20190826_201659\requests\main\82.har

2019-08-26 20:20:11 - [MESSAGE][PASSED] - Send request successfully

2019-08-26 20:20:13 - [MESSAGE][INFO] - HAR: C:\Users\ranitha\git\DEMO\Reports\Demo Test Suite\20190826_201659\requests\main\83.har

2019-08-26 20:20:13 - [MESSAGE][PASSED] - Send request successfully

2019-08-26 20:20:15 - [MESSAGE][INFO] - HAR: C:\Users\ranitha\git\DEMO\Reports\Demo Test Suite\20190826_201659\requests\main\84.har

2019-08-26 20:20:15 - [MESSAGE][PASSED] - Send request successfully

2019-08-26 20:20:18 - [MESSAGE][INFO] - HAR: C:\Users\ranitha\git\DEMO\Reports\Demo Test Suite\20190826_201659\requests\main\85.har

2019-08-26 20:20:18 - [MESSAGE][PASSED] - Send request successfully

2019-08-26 20:20:20 - [MESSAGE][INFO] - HAR: C:\Users\ranitha\git\DEMO\Reports\Demo Test Suite\20190826_201659\requests\main\86.har

2019-08-26 20:20:20 - [MESSAGE][PASSED] - Send request successfully

2019-08-26 20:20:22 - [MESSAGE][INFO] - HAR: C:\Users\ranitha\git\DEMO\Reports\Demo Test Suite\20190826_201659\requests\main\87.har

2019-08-26 20:20:22 - [MESSAGE][PASSED] - Send request successfully

2019-08-26 20:20:25 - [MESSAGE][INFO] - HAR: C:\Users\ranitha\git\DEMO\Reports\Demo Test Suite\20190826_201659\requests\main\88.har

2019-08-26 20:20:25 - [MESSAGE][PASSED] - Send request successfully

2019-08-26 20:20:27 - [MESSAGE][INFO] - HAR: C:\Users\ranitha\git\DEMO\Reports\Demo Test Suite\20190826_201659\requests\main\89.har

2019-08-26 20:20:27 - [MESSAGE][PASSED] - Send request successfully

2019-08-26 20:20:29 - [MESSAGE][INFO] - HAR: C:\Users\ranitha\git\DEMO\Reports\Demo Test Suite\20190826_201659\requests\main\90.har

2019-08-26 20:20:29 - [MESSAGE][PASSED] - Send request successfully

2019-08-26 20:20:31 - [MESSAGE][INFO] - HAR: C:\Users\ranitha\git\DEMO\Reports\Demo Test Suite\20190826_201659\requests\main\91.har

2019-08-26 20:20:31 - [MESSAGE][PASSED] - Send request successfully

2019-08-26 20:20:33 - [MESSAGE][INFO] - HAR: C:\Users\ranitha\git\DEMO\Reports\Demo Test Suite\20190826_201659\requests\main\92.har

2019-08-26 20:20:33 - [MESSAGE][PASSED] - Send request successfully

2019-08-26 20:20:35 - [MESSAGE][INFO] - HAR: C:\Users\ranitha\git\DEMO\Reports\Demo Test Suite\20190826_201659\requests\main\93.har

2019-08-26 20:20:35 - [MESSAGE][PASSED] - Send request successfully

2019-08-26 20:20:38 - [MESSAGE][INFO] - HAR: C:\Users\ranitha\git\DEMO\Reports\Demo Test Suite\20190826_201659\requests\main\94.har

2019-08-26 20:20:38 - [MESSAGE][PASSED] - Send request successfully

2019-08-26 20:20:39 - [MESSAGE][INFO] - HAR: C:\Users\ranitha\git\DEMO\Reports\Demo Test Suite\20190826_201659\requests\main\95.har

2019-08-26 20:20:39 - [MESSAGE][PASSED] - Send request successfully

2019-08-26 20:20:42 - [MESSAGE][INFO] - HAR: C:\Users\ranitha\git\DEMO\Reports\Demo Test Suite\20190826_201659\requests\main\96.har

2019-08-26 20:20:42 - [MESSAGE][PASSED] - Send request successfully

2019-08-26 20:20:44 - [MESSAGE][INFO] - HAR: C:\Users\ranitha\git\DEMO\Reports\Demo Test Suite\20190826_201659\requests\main\97.har

2019-08-26 20:20:44 - [MESSAGE][PASSED] - Send request successfully

2019-08-26 20:20:46 - [MESSAGE][INFO] - HAR: C:\Users\ranitha\git\DEMO\Reports\Demo Test Suite\20190826_201659\requests\main\98.har

2019-08-26 20:20:46 - [MESSAGE][PASSED] - Send request successfully

2019-08-26 20:20:48 - [MESSAGE][INFO] - HAR: C:\Users\ranitha\git\DEMO\Reports\Demo Test Suite\20190826_201659\requests\main\99.har

2019-08-26 20:20:48 - [MESSAGE][PASSED] - Send request successfully

2019-08-26 20:20:50 - [MESSAGE][INFO] - HAR: C:\Users\ranitha\git\DEMO\Reports\Demo Test Suite\20190826_201659\requests\main\100.har

2019-08-26 20:20:50 - [MESSAGE][PASSED] - Send request successfully

2019-08-26 20:20:53 - [MESSAGE][INFO] - HAR: C:\Users\ranitha\git\DEMO\Reports\Demo Test Suite\20190826_201659\requests\main\101.har

2019-08-26 20:20:53 - [MESSAGE][PASSED] - Send request successfully

2019-08-26 20:20:55 - [MESSAGE][INFO] - HAR: C:\Users\ranitha\git\DEMO\Reports\Demo Test Suite\20190826_201659\requests\main\102.har

2019-08-26 20:20:55 - [MESSAGE][PASSED] - Send request successfully

2019-08-26 20:20:57 - [MESSAGE][INFO] - HAR: C:\Users\ranitha\git\DEMO\Reports\Demo Test Suite\20190826_201659\requests\main\103.har

2019-08-26 20:20:57 - [MESSAGE][PASSED] - Send request successfully

2019-08-26 20:20:59 - [MESSAGE][INFO] - HAR: C:\Users\ranitha\git\DEMO\Reports\Demo Test Suite\20190826_201659\requests\main\104.har

2019-08-26 20:20:59 - [MESSAGE][PASSED] - Send request successfully

2019-08-26 20:21:01 - [MESSAGE][INFO] - HAR: C:\Users\ranitha\git\DEMO\Reports\Demo Test Suite\20190826_201659\requests\main\105.har

2019-08-26 20:21:01 - [MESSAGE][PASSED] - Send request successfully

2019-08-26 20:21:04 - [MESSAGE][INFO] - HAR: C:\Users\ranitha\git\DEMO\Reports\Demo Test Suite\20190826_201659\requests\main\106.har

2019-08-26 20:21:04 - [MESSAGE][PASSED] - Send request successfully

2019-08-26 20:21:06 - [MESSAGE][INFO] - HAR: C:\Users\ranitha\git\DEMO\Reports\Demo Test Suite\20190826_201659\requests\main\107.har

2019-08-26 20:21:06 - [MESSAGE][PASSED] - Send request successfully

2019-08-26 20:21:08 - [MESSAGE][INFO] - HAR: C:\Users\ranitha\git\DEMO\Reports\Demo Test Suite\20190826_201659\requests\main\108.har

2019-08-26 20:21:08 - [MESSAGE][PASSED] - Send request successfully

2019-08-26 20:21:09 - [MESSAGE][INFO] - HAR: C:\Users\ranitha\git\DEMO\Reports\Demo Test Suite\20190826_201659\requests\main\109.har

2019-08-26 20:21:09 - [MESSAGE][PASSED] - Send request successfully

2019-08-26 20:21:12 - [MESSAGE][INFO] - HAR: C:\Users\ranitha\git\DEMO\Reports\Demo Test Suite\20190826_201659\requests\main\110.har

2019-08-26 20:21:12 - [MESSAGE][PASSED] - Send request successfully

2019-08-26 20:21:14 - [MESSAGE][INFO] - HAR: C:\Users\ranitha\git\DEMO\Reports\Demo Test Suite\20190826_201659\requests\main\111.har

2019-08-26 20:21:14 - [MESSAGE][PASSED] - Send request successfully

2019-08-26 20:21:16 - [MESSAGE][INFO] - HAR: C:\Users\ranitha\git\DEMO\Reports\Demo Test Suite\20190826_201659\requests\main\112.har

2019-08-26 20:21:16 - [MESSAGE][PASSED] - Send request successfully

2019-08-26 20:21:18 - [MESSAGE][INFO] - HAR: C:\Users\ranitha\git\DEMO\Reports\Demo Test Suite\20190826_201659\requests\main\113.har

2019-08-26 20:21:18 - [MESSAGE][PASSED] - Send request successfully

2019-08-26 20:21:20 - [MESSAGE][INFO] - HAR: C:\Users\ranitha\git\DEMO\Reports\Demo Test Suite\20190826_201659\requests\main\114.har

2019-08-26 20:21:20 - [MESSAGE][PASSED] - Send request successfully

2019-08-26 20:21:22 - [MESSAGE][INFO] - HAR: C:\Users\ranitha\git\DEMO\Reports\Demo Test Suite\20190826_201659\requests\main\115.har

2019-08-26 20:21:22 - [MESSAGE][PASSED] - Send request successfully

2019-08-26 20:21:24 - [MESSAGE][INFO] - HAR: C:\Users\ranitha\git\DEMO\Reports\Demo Test Suite\20190826_201659\requests\main\116.har

2019-08-26 20:21:24 - [MESSAGE][PASSED] - Send request successfully

2019-08-26 20:21:26 - [MESSAGE][INFO] - HAR: C:\Users\ranitha\git\DEMO\Reports\Demo Test Suite\20190826_201659\requests\main\117.har

2019-08-26 20:21:26 - [MESSAGE][PASSED] - Send request successfully

2019-08-26 20:21:29 - [MESSAGE][INFO] - HAR: C:\Users\ranitha\git\DEMO\Reports\Demo Test Suite\20190826_201659\requests\main\118.har

2019-08-26 20:21:29 - [MESSAGE][PASSED] - Send request successfully

2019-08-26 20:21:31 - [MESSAGE][INFO] - HAR: C:\Users\ranitha\git\DEMO\Reports\Demo Test Suite\20190826_201659\requests\main\119.har

2019-08-26 20:21:31 - [MESSAGE][PASSED] - Send request successfully

2019-08-26 20:21:33 - [MESSAGE][INFO] - HAR: C:\Users\ranitha\git\DEMO\Reports\Demo Test Suite\20190826_201659\requests\main\120.har

2019-08-26 20:21:33 - [MESSAGE][PASSED] - Send request successfully

2019-08-26 20:21:35 - [MESSAGE][INFO] - HAR: C:\Users\ranitha\git\DEMO\Reports\Demo Test Suite\20190826_201659\requests\main\121.har

2019-08-26 20:21:35 - [MESSAGE][PASSED] - Send request successfully

2019-08-26 20:21:37 - [MESSAGE][INFO] - HAR: C:\Users\ranitha\git\DEMO\Reports\Demo Test Suite\20190826_201659\requests\main\122.har

2019-08-26 20:21:37 - [MESSAGE][PASSED] - Send request successfully

2019-08-26 20:21:39 - [MESSAGE][INFO] - HAR: C:\Users\ranitha\git\DEMO\Reports\Demo Test Suite\20190826_201659\requests\main\123.har

2019-08-26 20:21:39 - [MESSAGE][PASSED] - Send request successfully

2019-08-26 20:21:41 - [MESSAGE][INFO] - HAR: C:\Users\ranitha\git\DEMO\Reports\Demo Test Suite\20190826_201659\requests\main\124.har

2019-08-26 20:21:41 - [MESSAGE][PASSED] - Send request successfully

2019-08-26 20:21:43 - [MESSAGE][INFO] - HAR: C:\Users\ranitha\git\DEMO\Reports\Demo Test Suite\20190826_201659\requests\main\125.har

2019-08-26 20:21:43 - [MESSAGE][PASSED] - Send request successfully

2019-08-26 20:21:45 - [MESSAGE][INFO] - HAR: C:\Users\ranitha\git\DEMO\Reports\Demo Test Suite\20190826_201659\requests\main\126.har

2019-08-26 20:21:45 - [MESSAGE][PASSED] - Send request successfully

2019-08-26 20:21:47 - [MESSAGE][INFO] - HAR: C:\Users\ranitha\git\DEMO\Reports\Demo Test Suite\20190826_201659\requests\main\127.har

2019-08-26 20:21:47 - [MESSAGE][PASSED] - Send request successfully

2019-08-26 20:21:49 - [MESSAGE][INFO] - HAR: C:\Users\ranitha\git\DEMO\Reports\Demo Test Suite\20190826_201659\requests\main\128.har

2019-08-26 20:21:49 - [MESSAGE][PASSED] - Send request successfully

2019-08-26 20:21:51 - [MESSAGE][INFO] - HAR: C:\Users\ranitha\git\DEMO\Reports\Demo Test Suite\20190826_201659\requests\main\129.har

2019-08-26 20:21:51 - [MESSAGE][PASSED] - Send request successfully

2019-08-26 20:21:53 - [MESSAGE][INFO] - HAR: C:\Users\ranitha\git\DEMO\Reports\Demo Test Suite\20190826_201659\requests\main\130.har

2019-08-26 20:21:54 - [MESSAGE][PASSED] - Send request successfully

2019-08-26 20:21:55 - [MESSAGE][INFO] - HAR: C:\Users\ranitha\git\DEMO\Reports\Demo Test Suite\20190826_201659\requests\main\131.har

2019-08-26 20:21:55 - [MESSAGE][PASSED] - Send request successfully

2019-08-26 20:21:57 - [MESSAGE][INFO] - HAR: C:\Users\ranitha\git\DEMO\Reports\Demo Test Suite\20190826_201659\requests\main\132.har

2019-08-26 20:21:57 - [MESSAGE][PASSED] - Send request successfully

2019-08-26 20:22:00 - [MESSAGE][INFO] - HAR: C:\Users\ranitha\git\DEMO\Reports\Demo Test Suite\20190826_201659\requests\main\133.har

2019-08-26 20:22:00 - [MESSAGE][PASSED] - Send request successfully

2019-08-26 20:22:02 - [MESSAGE][INFO] - HAR: C:\Users\ranitha\git\DEMO\Reports\Demo Test Suite\20190826_201659\requests\main\134.har

2019-08-26 20:22:02 - [MESSAGE][PASSED] - Send request successfully

2019-08-26 20:22:04 - [MESSAGE][INFO] - HAR: C:\Users\ranitha\git\DEMO\Reports\Demo Test Suite\20190826_201659\requests\main\135.har

2019-08-26 20:22:04 - [MESSAGE][PASSED] - Send request successfully

2019-08-26 20:22:06 - [MESSAGE][INFO] - HAR: C:\Users\ranitha\git\DEMO\Reports\Demo Test Suite\20190826_201659\requests\main\136.har

2019-08-26 20:22:06 - [MESSAGE][PASSED] - Send request successfully

2019-08-26 20:22:08 - [MESSAGE][INFO] - HAR: C:\Users\ranitha\git\DEMO\Reports\Demo Test Suite\20190826_201659\requests\main\137.har

2019-08-26 20:22:08 - [MESSAGE][PASSED] - Send request successfully

2019-08-26 20:22:10 - [MESSAGE][INFO] - HAR: C:\Users\ranitha\git\DEMO\Reports\Demo Test Suite\20190826_201659\requests\main\138.har

2019-08-26 20:22:10 - [MESSAGE][PASSED] - Send request successfully

2019-08-26 20:22:12 - [MESSAGE][INFO] - HAR: C:\Users\ranitha\git\DEMO\Reports\Demo Test Suite\20190826_201659\requests\main\139.har

2019-08-26 20:22:12 - [MESSAGE][PASSED] - Send request successfully

2019-08-26 20:22:14 - [MESSAGE][INFO] - HAR: C:\Users\ranitha\git\DEMO\Reports\Demo Test Suite\20190826_201659\requests\main\140.har

2019-08-26 20:22:14 - [MESSAGE][PASSED] - Send request successfully

2019-08-26 20:22:16 - [MESSAGE][INFO] - HAR: C:\Users\ranitha\git\DEMO\Reports\Demo Test Suite\20190826_201659\requests\main\141.har

2019-08-26 20:22:16 - [MESSAGE][PASSED] - Send request successfully

2019-08-26 20:22:18 - [MESSAGE][INFO] - HAR: C:\Users\ranitha\git\DEMO\Reports\Demo Test Suite\20190826_201659\requests\main\142.har

2019-08-26 20:22:19 - [MESSAGE][PASSED] - Send request successfully

2019-08-26 20:22:21 - [MESSAGE][INFO] - HAR: C:\Users\ranitha\git\DEMO\Reports\Demo Test Suite\20190826_201659\requests\main\143.har

2019-08-26 20:22:21 - [MESSAGE][PASSED] - Send request successfully

2019-08-26 20:22:23 - [MESSAGE][INFO] - HAR: C:\Users\ranitha\git\DEMO\Reports\Demo Test Suite\20190826_201659\requests\main\144.har

2019-08-26 20:22:23 - [MESSAGE][PASSED] - Send request successfully

2019-08-26 20:22:26 - [MESSAGE][INFO] - HAR: C:\Users\ranitha\git\DEMO\Reports\Demo Test Suite\20190826_201659\requests\main\145.har

2019-08-26 20:22:26 - [MESSAGE][PASSED] - Send request successfully

2019-08-26 20:22:28 - [MESSAGE][INFO] - HAR: C:\Users\ranitha\git\DEMO\Reports\Demo Test Suite\20190826_201659\requests\main\146.har

2019-08-26 20:22:28 - [MESSAGE][PASSED] - Send request successfully

2019-08-26 20:22:30 - [MESSAGE][INFO] - HAR: C:\Users\ranitha\git\DEMO\Reports\Demo Test Suite\20190826_201659\requests\main\147.har

2019-08-26 20:22:30 - [MESSAGE][PASSED] - Send request successfully

2019-08-26 20:22:32 - [MESSAGE][INFO] - HAR: C:\Users\ranitha\git\DEMO\Reports\Demo Test Suite\20190826_201659\requests\main\148.har

2019-08-26 20:22:32 - [MESSAGE][PASSED] - Send request successfully

2019-08-26 20:22:34 - [MESSAGE][INFO] - HAR: C:\Users\ranitha\git\DEMO\Reports\Demo Test Suite\20190826_201659\requests\main\149.har

2019-08-26 20:22:34 - [MESSAGE][PASSED] - Send request successfully

2019-08-26 20:22:36 - [MESSAGE][INFO] - HAR: C:\Users\ranitha\git\DEMO\Reports\Demo Test Suite\20190826_201659\requests\main\150.har

2019-08-26 20:22:36 - [MESSAGE][PASSED] - Send request successfully

2019-08-26 20:22:38 - [MESSAGE][INFO] - HAR: C:\Users\ranitha\git\DEMO\Reports\Demo Test Suite\20190826_201659\requests\main\151.har

2019-08-26 20:22:38 - [MESSAGE][PASSED] - Send request successfully

2019-08-26 20:22:40 - [MESSAGE][INFO] - HAR: C:\Users\ranitha\git\DEMO\Reports\Demo Test Suite\20190826_201659\requests\main\152.har

2019-08-26 20:22:40 - [MESSAGE][PASSED] - Send request successfully

2019-08-26 20:22:42 - [MESSAGE][INFO] - HAR: C:\Users\ranitha\git\DEMO\Reports\Demo Test Suite\20190826_201659\requests\main\153.har

2019-08-26 20:22:42 - [MESSAGE][PASSED] - Send request successfully

2019-08-26 20:22:44 - [MESSAGE][INFO] - HAR: C:\Users\ranitha\git\DEMO\Reports\Demo Test Suite\20190826_201659\requests\main\154.har

2019-08-26 20:22:44 - [MESSAGE][PASSED] - Send request successfully

2019-08-26 20:22:46 - [MESSAGE][INFO] - HAR: C:\Users\ranitha\git\DEMO\Reports\Demo Test Suite\20190826_201659\requests\main\155.har

2019-08-26 20:22:46 - [MESSAGE][PASSED] - Send request successfully

2019-08-26 20:22:48 - [MESSAGE][INFO] - HAR: C:\Users\ranitha\git\DEMO\Reports\Demo Test Suite\20190826_201659\requests\main\156.har

2019-08-26 20:22:48 - [MESSAGE][PASSED] - Send request successfully

2019-08-26 20:22:50 - [MESSAGE][INFO] - HAR: C:\Users\ranitha\git\DEMO\Reports\Demo Test Suite\20190826_201659\requests\main\157.har

2019-08-26 20:22:50 - [MESSAGE][PASSED] - Send request successfully

2019-08-26 20:22:52 - [MESSAGE][INFO] - HAR: C:\Users\ranitha\git\DEMO\Reports\Demo Test Suite\20190826_201659\requests\main\158.har

2019-08-26 20:22:52 - [MESSAGE][PASSED] - Send request successfully

2019-08-26 20:22:54 - [MESSAGE][INFO] - HAR: C:\Users\ranitha\git\DEMO\Reports\Demo Test Suite\20190826_201659\requests\main\159.har

2019-08-26 20:22:54 - [MESSAGE][PASSED] - Send request successfully

2019-08-26 20:22:56 - [MESSAGE][INFO] - HAR: C:\Users\ranitha\git\DEMO\Reports\Demo Test Suite\20190826_201659\requests\main\160.har

2019-08-26 20:22:56 - [MESSAGE][PASSED] - Send request successfully

2019-08-26 20:22:59 - [MESSAGE][INFO] - HAR: C:\Users\ranitha\git\DEMO\Reports\Demo Test Suite\20190826_201659\requests\main\161.har

2019-08-26 20:22:59 - [MESSAGE][PASSED] - Send request successfully

2019-08-26 20:23:01 - [MESSAGE][INFO] - HAR: C:\Users\ranitha\git\DEMO\Reports\Demo Test Suite\20190826_201659\requests\main\162.har

2019-08-26 20:23:01 - [MESSAGE][PASSED] - Send request successfully

2019-08-26 20:23:03 - [MESSAGE][INFO] - HAR: C:\Users\ranitha\git\DEMO\Reports\Demo Test Suite\20190826_201659\requests\main\163.har

2019-08-26 20:23:03 - [MESSAGE][PASSED] - Send request successfully

2019-08-26 20:23:06 - [MESSAGE][INFO] - HAR: C:\Users\ranitha\git\DEMO\Reports\Demo Test Suite\20190826_201659\requests\main\164.har

2019-08-26 20:23:06 - [MESSAGE][PASSED] - Send request successfully

2019-08-26 20:23:08 - [MESSAGE][INFO] - HAR: C:\Users\ranitha\git\DEMO\Reports\Demo Test Suite\20190826_201659\requests\main\165.har

2019-08-26 20:23:08 - [MESSAGE][PASSED] - Send request successfully

2019-08-26 20:23:10 - [MESSAGE][INFO] - HAR: C:\Users\ranitha\git\DEMO\Reports\Demo Test Suite\20190826_201659\requests\main\166.har

2019-08-26 20:23:10 - [MESSAGE][PASSED] - Send request successfully

2019-08-26 20:23:13 - [MESSAGE][INFO] - HAR: C:\Users\ranitha\git\DEMO\Reports\Demo Test Suite\20190826_201659\requests\main\167.har

2019-08-26 20:23:13 - [MESSAGE][PASSED] - Send request successfully

2019-08-26 20:23:15 - [MESSAGE][INFO] - HAR: C:\Users\ranitha\git\DEMO\Reports\Demo Test Suite\20190826_201659\requests\main\168.har

2019-08-26 20:23:15 - [MESSAGE][PASSED] - Send request successfully

2019-08-26 20:23:18 - [MESSAGE][INFO] - HAR: C:\Users\ranitha\git\DEMO\Reports\Demo Test Suite\20190826_201659\requests\main\169.har

2019-08-26 20:23:18 - [MESSAGE][PASSED] - Send request successfully

2019-08-26 20:23:20 - [MESSAGE][INFO] - HAR: C:\Users\ranitha\git\DEMO\Reports\Demo Test Suite\20190826_201659\requests\main\170.har

2019-08-26 20:23:20 - [MESSAGE][PASSED] - Send request successfully

2019-08-26 20:23:22 - [MESSAGE][INFO] - HAR: C:\Users\ranitha\git\DEMO\Reports\Demo Test Suite\20190826_201659\requests\main\171.har

2019-08-26 20:23:22 - [MESSAGE][PASSED] - Send request successfully

2019-08-26 20:23:25 - [MESSAGE][INFO] - HAR: C:\Users\ranitha\git\DEMO\Reports\Demo Test Suite\20190826_201659\requests\main\172.har

2019-08-26 20:23:25 - [MESSAGE][PASSED] - Send request successfully

2019-08-26 20:23:27 - [MESSAGE][INFO] - HAR: C:\Users\ranitha\git\DEMO\Reports\Demo Test Suite\20190826_201659\requests\main\173.har

2019-08-26 20:23:27 - [MESSAGE][PASSED] - Send request successfully

2019-08-26 20:23:30 - [MESSAGE][INFO] - HAR: C:\Users\ranitha\git\DEMO\Reports\Demo Test Suite\20190826_201659\requests\main\174.har

2019-08-26 20:23:30 - [MESSAGE][PASSED] - Send request successfully

2019-08-26 20:23:32 - [MESSAGE][INFO] - HAR: C:\Users\ranitha\git\DEMO\Reports\Demo Test Suite\20190826_201659\requests\main\175.har

2019-08-26 20:23:32 - [MESSAGE][PASSED] - Send request successfully

2019-08-26 20:23:34 - [MESSAGE][INFO] - HAR: C:\Users\ranitha\git\DEMO\Reports\Demo Test Suite\20190826_201659\requests\main\176.har

2019-08-26 20:23:34 - [MESSAGE][PASSED] - Send request successfully

2019-08-26 20:23:37 - [MESSAGE][INFO] - HAR: C:\Users\ranitha\git\DEMO\Reports\Demo Test Suite\20190826_201659\requests\main\177.har

2019-08-26 20:23:37 - [MESSAGE][PASSED] - Send request successfully

2019-08-26 20:23:39 - [MESSAGE][INFO] - HAR: C:\Users\ranitha\git\DEMO\Reports\Demo Test Suite\20190826_201659\requests\main\178.har

2019-08-26 20:23:39 - [MESSAGE][PASSED] - Send request successfully

2019-08-26 20:23:41 - [MESSAGE][INFO] - HAR: C:\Users\ranitha\git\DEMO\Reports\Demo Test Suite\20190826_201659\requests\main\179.har

2019-08-26 20:23:41 - [MESSAGE][PASSED] - Send request successfully

2019-08-26 20:23:44 - [MESSAGE][INFO] - HAR: C:\Users\ranitha\git\DEMO\Reports\Demo Test Suite\20190826_201659\requests\main\180.har

2019-08-26 20:23:44 - [MESSAGE][PASSED] - Send request successfully

2019-08-26 20:23:47 - [MESSAGE][INFO] - HAR: C:\Users\ranitha\git\DEMO\Reports\Demo Test Suite\20190826_201659\requests\main\181.har

2019-08-26 20:23:47 - [MESSAGE][PASSED] - Send request successfully

2019-08-26 20:23:49 - [MESSAGE][INFO] - HAR: C:\Users\ranitha\git\DEMO\Reports\Demo Test Suite\20190826_201659\requests\main\182.har

2019-08-26 20:23:49 - [MESSAGE][PASSED] - Send request successfully

2019-08-26 20:23:52 - [MESSAGE][INFO] - HAR: C:\Users\ranitha\git\DEMO\Reports\Demo Test Suite\20190826_201659\requests\main\183.har

2019-08-26 20:23:52 - [MESSAGE][PASSED] - Send request successfully

2019-08-26 20:23:54 - [MESSAGE][INFO] - HAR: C:\Users\ranitha\git\DEMO\Reports\Demo Test Suite\20190826_201659\requests\main\184.har

2019-08-26 20:23:54 - [MESSAGE][PASSED] - Send request successfully

2019-08-26 20:23:56 - [MESSAGE][INFO] - HAR: C:\Users\ranitha\git\DEMO\Reports\Demo Test Suite\20190826_201659\requests\main\185.har

2019-08-26 20:23:56 - [MESSAGE][PASSED] - Send request successfully

2019-08-26 20:23:59 - [MESSAGE][INFO] - HAR: C:\Users\ranitha\git\DEMO\Reports\Demo Test Suite\20190826_201659\requests\main\186.har

2019-08-26 20:23:59 - [MESSAGE][PASSED] - Send request successfully

2019-08-26 20:24:01 - [MESSAGE][INFO] - HAR: C:\Users\ranitha\git\DEMO\Reports\Demo Test Suite\20190826_201659\requests\main\187.har

2019-08-26 20:24:01 - [MESSAGE][PASSED] - Send request successfully

2019-08-26 20:24:03 - [MESSAGE][INFO] - HAR: C:\Users\ranitha\git\DEMO\Reports\Demo Test Suite\20190826_201659\requests\main\188.har

2019-08-26 20:24:03 - [MESSAGE][PASSED] - Send request successfully

2019-08-26 20:24:05 - [MESSAGE][INFO] - HAR: C:\Users\ranitha\git\DEMO\Reports\Demo Test Suite\20190826_201659\requests\main\189.har

2019-08-26 20:24:05 - [MESSAGE][PASSED] - Send request successfully

2019-08-26 20:24:08 - [MESSAGE][INFO] - HAR: C:\Users\ranitha\git\DEMO\Reports\Demo Test Suite\20190826_201659\requests\main\190.har

2019-08-26 20:24:08 - [MESSAGE][PASSED] - Send request successfully

2019-08-26 20:24:10 - [MESSAGE][INFO] - HAR: C:\Users\ranitha\git\DEMO\Reports\Demo Test Suite\20190826_201659\requests\main\191.har

2019-08-26 20:24:10 - [MESSAGE][PASSED] - Send request successfully

2019-08-26 20:24:12 - [MESSAGE][INFO] - HAR: C:\Users\ranitha\git\DEMO\Reports\Demo Test Suite\20190826_201659\requests\main\192.har

2019-08-26 20:24:12 - [MESSAGE][PASSED] - Send request successfully

2019-08-26 20:24:15 - [MESSAGE][INFO] - HAR: C:\Users\ranitha\git\DEMO\Reports\Demo Test Suite\20190826_201659\requests\main\193.har

2019-08-26 20:24:15 - [MESSAGE][PASSED] - Send request successfully

2019-08-26 20:24:17 - [MESSAGE][INFO] - HAR: C:\Users\ranitha\git\DEMO\Reports\Demo Test Suite\20190826_201659\requests\main\194.har

2019-08-26 20:24:17 - [MESSAGE][PASSED] - Send request successfully

2019-08-26 20:24:19 - [MESSAGE][INFO] - HAR: C:\Users\ranitha\git\DEMO\Reports\Demo Test Suite\20190826_201659\requests\main\195.har

2019-08-26 20:24:19 - [MESSAGE][PASSED] - Send request successfully

2019-08-26 20:24:21 - [MESSAGE][INFO] - HAR: C:\Users\ranitha\git\DEMO\Reports\Demo Test Suite\20190826_201659\requests\main\196.har

2019-08-26 20:24:21 - [MESSAGE][PASSED] - Send request successfully

2019-08-26 20:24:23 - [MESSAGE][INFO] - HAR: C:\Users\ranitha\git\DEMO\Reports\Demo Test Suite\20190826_201659\requests\main\197.har

2019-08-26 20:24:24 - [MESSAGE][PASSED] - Send request successfully

2019-08-26 20:24:26 - [MESSAGE][INFO] - HAR: C:\Users\ranitha\git\DEMO\Reports\Demo Test Suite\20190826_201659\requests\main\198.har

2019-08-26 20:24:26 - [MESSAGE][PASSED] - Send request successfully

2019-08-26 20:24:28 - [MESSAGE][INFO] - HAR: C:\Users\ranitha\git\DEMO\Reports\Demo Test Suite\20190826_201659\requests\main\199.har

2019-08-26 20:24:28 - [MESSAGE][PASSED] - Send request successfully

2019-08-26 20:24:30 - [MESSAGE][INFO] - HAR: C:\Users\ranitha\git\DEMO\Reports\Demo Test Suite\20190826_201659\requests\main\200.har

2019-08-26 20:24:30 - [MESSAGE][PASSED] - Send request successfully

2019-08-26 20:24:32 - [MESSAGE][INFO] - HAR: C:\Users\ranitha\git\DEMO\Reports\Demo Test Suite\20190826_201659\requests\main\201.har

2019-08-26 20:24:32 - [MESSAGE][PASSED] - Send request successfully

2019-08-26 20:24:35 - [MESSAGE][INFO] - HAR: C:\Users\ranitha\git\DEMO\Reports\Demo Test Suite\20190826_201659\requests\main\202.har

2019-08-26 20:24:35 - [MESSAGE][PASSED] - Send request successfully

2019-08-26 20:24:38 - [MESSAGE][INFO] - HAR: C:\Users\ranitha\git\DEMO\Reports\Demo Test Suite\20190826_201659\requests\main\203.har

2019-08-26 20:24:38 - [MESSAGE][PASSED] - Send request successfully

2019-08-26 20:24:40 - [MESSAGE][INFO] - HAR: C:\Users\ranitha\git\DEMO\Reports\Demo Test Suite\20190826_201659\requests\main\204.har

2019-08-26 20:24:40 - [MESSAGE][PASSED] - Send request successfully

2019-08-26 20:24:42 - [MESSAGE][INFO] - HAR: C:\Users\ranitha\git\DEMO\Reports\Demo Test Suite\20190826_201659\requests\main\205.har

2019-08-26 20:24:42 - [MESSAGE][PASSED] - Send request successfully

2019-08-26 20:24:44 - [MESSAGE][INFO] - HAR: C:\Users\ranitha\git\DEMO\Reports\Demo Test Suite\20190826_201659\requests\main\206.har

2019-08-26 20:24:44 - [MESSAGE][PASSED] - Send request successfully

2019-08-26 20:24:46 - [MESSAGE][INFO] - HAR: C:\Users\ranitha\git\DEMO\Reports\Demo Test Suite\20190826_201659\requests\main\207.har

2019-08-26 20:24:47 - [MESSAGE][PASSED] - Send request successfully

2019-08-26 20:24:49 - [MESSAGE][INFO] - HAR: C:\Users\ranitha\git\DEMO\Reports\Demo Test Suite\20190826_201659\requests\main\208.har

2019-08-26 20:24:49 - [MESSAGE][PASSED] - Send request successfully

2019-08-26 20:24:51 - [MESSAGE][INFO] - HAR: C:\Users\ranitha\git\DEMO\Reports\Demo Test Suite\20190826_201659\requests\main\209.har

2019-08-26 20:24:51 - [MESSAGE][PASSED] - Send request successfully

2019-08-26 20:24:54 - [MESSAGE][INFO] - HAR: C:\Users\ranitha\git\DEMO\Reports\Demo Test Suite\20190826_201659\requests\main\210.har

2019-08-26 20:24:54 - [MESSAGE][PASSED] - Send request successfully

2019-08-26 20:24:56 - [MESSAGE][INFO] - HAR: C:\Users\ranitha\git\DEMO\Reports\Demo Test Suite\20190826_201659\requests\main\211.har

2019-08-26 20:24:57 - [MESSAGE][PASSED] - Send request successfully

2019-08-26 20:25:00 - [MESSAGE][INFO] - HAR: C:\Users\ranitha\git\DEMO\Reports\Demo Test Suite\20190826_201659\requests\main\212.har

2019-08-26 20:25:00 - [MESSAGE][PASSED] - Send request successfully

2019-08-26 20:25:08 - [MESSAGE][INFO] - HAR: C:\Users\ranitha\git\DEMO\Reports\Demo Test Suite\20190826_201659\requests\main\213.har

2019-08-26 20:25:08 - [MESSAGE][PASSED] - Send request successfully

2019-08-26 20:25:11 - [MESSAGE][INFO] - HAR: C:\Users\ranitha\git\DEMO\Reports\Demo Test Suite\20190826_201659\requests\main\214.har

2019-08-26 20:25:11 - [MESSAGE][PASSED] - Send request successfully

2019-08-26 20:25:13 - [MESSAGE][INFO] - HAR: C:\Users\ranitha\git\DEMO\Reports\Demo Test Suite\20190826_201659\requests\main\215.har

2019-08-26 20:25:13 - [MESSAGE][PASSED] - Send request successfully

2019-08-26 20:25:15 - [MESSAGE][INFO] - HAR: C:\Users\ranitha\git\DEMO\Reports\Demo Test Suite\20190826_201659\requests\main\216.har

2019-08-26 20:25:15 - [MESSAGE][PASSED] - Send request successfully

2019-08-26 20:25:18 - [MESSAGE][INFO] - HAR: C:\Users\ranitha\git\DEMO\Reports\Demo Test Suite\20190826_201659\requests\main\217.har

2019-08-26 20:25:18 - [MESSAGE][PASSED] - Send request successfully

2019-08-26 20:25:20 - [MESSAGE][INFO] - HAR: C:\Users\ranitha\git\DEMO\Reports\Demo Test Suite\20190826_201659\requests\main\218.har

2019-08-26 20:25:20 - [MESSAGE][PASSED] - Send request successfully

2019-08-26 20:25:22 - [MESSAGE][INFO] - HAR: C:\Users\ranitha\git\DEMO\Reports\Demo Test Suite\20190826_201659\requests\main\219.har

2019-08-26 20:25:22 - [MESSAGE][PASSED] - Send request successfully

2019-08-26 20:25:24 - [MESSAGE][INFO] - HAR: C:\Users\ranitha\git\DEMO\Reports\Demo Test Suite\20190826_201659\requests\main\220.har

2019-08-26 20:25:24 - [MESSAGE][PASSED] - Send request successfully

2019-08-26 20:25:26 - [MESSAGE][INFO] - HAR: C:\Users\ranitha\git\DEMO\Reports\Demo Test Suite\20190826_201659\requests\main\221.har

2019-08-26 20:25:26 - [MESSAGE][PASSED] - Send request successfully

2019-08-26 20:25:28 - [MESSAGE][INFO] - HAR: C:\Users\ranitha\git\DEMO\Reports\Demo Test Suite\20190826_201659\requests\main\222.har

2019-08-26 20:25:28 - [MESSAGE][PASSED] - Send request successfully

2019-08-26 20:25:31 - [MESSAGE][INFO] - HAR: C:\Users\ranitha\git\DEMO\Reports\Demo Test Suite\20190826_201659\requests\main\223.har

2019-08-26 20:25:31 - [MESSAGE][PASSED] - Send request successfully

2019-08-26 20:25:33 - [MESSAGE][INFO] - HAR: C:\Users\ranitha\git\DEMO\Reports\Demo Test Suite\20190826_201659\requests\main\224.har

2019-08-26 20:25:33 - [MESSAGE][PASSED] - Send request successfully

2019-08-26 20:25:35 - [MESSAGE][INFO] - HAR: C:\Users\ranitha\git\DEMO\Reports\Demo Test Suite\20190826_201659\requests\main\225.har

2019-08-26 20:25:35 - [MESSAGE][PASSED] - Send request successfully

2019-08-26 20:25:37 - [MESSAGE][INFO] - HAR: C:\Users\ranitha\git\DEMO\Reports\Demo Test Suite\20190826_201659\requests\main\226.har

2019-08-26 20:25:37 - [MESSAGE][PASSED] - Send request successfully

2019-08-26 20:25:39 - [MESSAGE][INFO] - HAR: C:\Users\ranitha\git\DEMO\Reports\Demo Test Suite\20190826_201659\requests\main\227.har

2019-08-26 20:25:39 - [MESSAGE][PASSED] - Send request successfully

2019-08-26 20:25:41 - [MESSAGE][INFO] - HAR: C:\Users\ranitha\git\DEMO\Reports\Demo Test Suite\20190826_201659\requests\main\228.har

2019-08-26 20:25:41 - [MESSAGE][PASSED] - Send request successfully

2019-08-26 20:25:43 - [MESSAGE][INFO] - HAR: C:\Users\ranitha\git\DEMO\Reports\Demo Test Suite\20190826_201659\requests\main\229.har

2019-08-26 20:25:43 - [MESSAGE][PASSED] - Send request successfully

2019-08-26 20:25:45 - [MESSAGE][INFO] - HAR: C:\Users\ranitha\git\DEMO\Reports\Demo Test Suite\20190826_201659\requests\main\230.har

2019-08-26 20:25:45 - [MESSAGE][PASSED] - Send request successfully

2019-08-26 20:25:47 - [MESSAGE][INFO] - HAR: C:\Users\ranitha\git\DEMO\Reports\Demo Test Suite\20190826_201659\requests\main\231.har

2019-08-26 20:25:47 - [MESSAGE][PASSED] - Send request successfully

2019-08-26 20:25:49 - [MESSAGE][INFO] - HAR: C:\Users\ranitha\git\DEMO\Reports\Demo Test Suite\20190826_201659\requests\main\232.har

2019-08-26 20:25:49 - [MESSAGE][PASSED] - Send request successfully

2019-08-26 20:25:51 - [MESSAGE][INFO] - HAR: C:\Users\ranitha\git\DEMO\Reports\Demo Test Suite\20190826_201659\requests\main\233.har

2019-08-26 20:25:51 - [MESSAGE][PASSED] - Send request successfully

2019-08-26 20:25:53 - [MESSAGE][INFO] - HAR: C:\Users\ranitha\git\DEMO\Reports\Demo Test Suite\20190826_201659\requests\main\234.har

2019-08-26 20:25:53 - [MESSAGE][PASSED] - Send request successfully

2019-08-26 20:25:55 - [MESSAGE][INFO] - HAR: C:\Users\ranitha\git\DEMO\Reports\Demo Test Suite\20190826_201659\requests\main\235.har

2019-08-26 20:25:56 - [MESSAGE][PASSED] - Send request successfully

2019-08-26 20:25:58 - [MESSAGE][INFO] - HAR: C:\Users\ranitha\git\DEMO\Reports\Demo Test Suite\20190826_201659\requests\main\236.har

2019-08-26 20:25:58 - [MESSAGE][PASSED] - Send request successfully

2019-08-26 20:26:00 - [MESSAGE][INFO] - HAR: C:\Users\ranitha\git\DEMO\Reports\Demo Test Suite\20190826_201659\requests\main\237.har

2019-08-26 20:26:00 - [MESSAGE][PASSED] - Send request successfully

2019-08-26 20:26:03 - [MESSAGE][INFO] - HAR: C:\Users\ranitha\git\DEMO\Reports\Demo Test Suite\20190826_201659\requests\main\238.har

2019-08-26 20:26:03 - [MESSAGE][PASSED] - Send request successfully

2019-08-26 20:26:06 - [MESSAGE][INFO] - HAR: C:\Users\ranitha\git\DEMO\Reports\Demo Test Suite\20190826_201659\requests\main\239.har

2019-08-26 20:26:06 - [MESSAGE][PASSED] - Send request successfully

2019-08-26 20:26:08 - [MESSAGE][INFO] - HAR: C:\Users\ranitha\git\DEMO\Reports\Demo Test Suite\20190826_201659\requests\main\240.har

2019-08-26 20:26:08 - [MESSAGE][PASSED] - Send request successfully

2019-08-26 20:26:11 - [MESSAGE][INFO] - HAR: C:\Users\ranitha\git\DEMO\Reports\Demo Test Suite\20190826_201659\requests\main\241.har

2019-08-26 20:26:11 - [MESSAGE][PASSED] - Send request successfully

2019-08-26 20:26:13 - [MESSAGE][INFO] - HAR: C:\Users\ranitha\git\DEMO\Reports\Demo Test Suite\20190826_201659\requests\main\242.har

2019-08-26 20:26:13 - [MESSAGE][PASSED] - Send request successfully

2019-08-26 20:26:15 - [MESSAGE][INFO] - HAR: C:\Users\ranitha\git\DEMO\Reports\Demo Test Suite\20190826_201659\requests\main\243.har

2019-08-26 20:26:16 - [MESSAGE][PASSED] - Send request successfully

2019-08-26 20:26:18 - [MESSAGE][INFO] - HAR: C:\Users\ranitha\git\DEMO\Reports\Demo Test Suite\20190826_201659\requests\main\244.har

2019-08-26 20:26:18 - [MESSAGE][PASSED] - Send request successfully

2019-08-26 20:26:21 - [MESSAGE][INFO] - HAR: C:\Users\ranitha\git\DEMO\Reports\Demo Test Suite\20190826_201659\requests\main\245.har

2019-08-26 20:26:21 - [MESSAGE][PASSED] - Send request successfully

2019-08-26 20:26:24 - [MESSAGE][INFO] - HAR: C:\Users\ranitha\git\DEMO\Reports\Demo Test Suite\20190826_201659\requests\main\246.har

2019-08-26 20:26:24 - [MESSAGE][PASSED] - Send request successfully

2019-08-26 20:26:27 - [MESSAGE][INFO] - HAR: C:\Users\ranitha\git\DEMO\Reports\Demo Test Suite\20190826_201659\requests\main\247.har

2019-08-26 20:26:27 - [MESSAGE][PASSED] - Send request successfully

2019-08-26 20:26:29 - [MESSAGE][INFO] - HAR: C:\Users\ranitha\git\DEMO\Reports\Demo Test Suite\20190826_201659\requests\main\248.har

2019-08-26 20:26:29 - [MESSAGE][PASSED] - Send request successfully

2019-08-26 20:26:32 - [MESSAGE][INFO] - HAR: C:\Users\ranitha\git\DEMO\Reports\Demo Test Suite\20190826_201659\requests\main\249.har

2019-08-26 20:26:32 - [MESSAGE][PASSED] - Send request successfully

2019-08-26 20:26:34 - [MESSAGE][INFO] - HAR: C:\Users\ranitha\git\DEMO\Reports\Demo Test Suite\20190826_201659\requests\main\250.har

2019-08-26 20:26:34 - [MESSAGE][PASSED] - Send request successfully

2019-08-26 20:26:36 - [MESSAGE][INFO] - HAR: C:\Users\ranitha\git\DEMO\Reports\Demo Test Suite\20190826_201659\requests\main\251.har

2019-08-26 20:26:36 - [MESSAGE][PASSED] - Send request successfully

2019-08-26 20:26:39 - [MESSAGE][INFO] - HAR: C:\Users\ranitha\git\DEMO\Reports\Demo Test Suite\20190826_201659\requests\main\252.har

2019-08-26 20:26:39 - [MESSAGE][PASSED] - Send request successfully

2019-08-26 20:26:42 - [MESSAGE][INFO] - HAR: C:\Users\ranitha\git\DEMO\Reports\Demo Test Suite\20190826_201659\requests\main\253.har

2019-08-26 20:26:42 - [MESSAGE][PASSED] - Send request successfully

2019-08-26 20:26:44 - [MESSAGE][INFO] - HAR: C:\Users\ranitha\git\DEMO\Reports\Demo Test Suite\20190826_201659\requests\main\254.har

2019-08-26 20:26:44 - [MESSAGE][PASSED] - Send request successfully

2019-08-26 20:26:49 - [MESSAGE][INFO] - HAR: C:\Users\ranitha\git\DEMO\Reports\Demo Test Suite\20190826_201659\requests\main\255.har

2019-08-26 20:26:49 - [MESSAGE][PASSED] - Send request successfully

2019-08-26 20:26:51 - [MESSAGE][INFO] - HAR: C:\Users\ranitha\git\DEMO\Reports\Demo Test Suite\20190826_201659\requests\main\256.har

2019-08-26 20:26:51 - [MESSAGE][PASSED] - Send request successfully

2019-08-26 20:26:54 - [MESSAGE][INFO] - HAR: C:\Users\ranitha\git\DEMO\Reports\Demo Test Suite\20190826_201659\requests\main\257.har

2019-08-26 20:26:54 - [MESSAGE][PASSED] - Send request successfully

2019-08-26 20:26:56 - [MESSAGE][INFO] - HAR: C:\Users\ranitha\git\DEMO\Reports\Demo Test Suite\20190826_201659\requests\main\258.har

2019-08-26 20:26:56 - [MESSAGE][PASSED] - Send request successfully

2019-08-26 20:26:58 - [MESSAGE][INFO] - HAR: C:\Users\ranitha\git\DEMO\Reports\Demo Test Suite\20190826_201659\requests\main\259.har

2019-08-26 20:26:58 - [MESSAGE][PASSED] - Send request successfully

2019-08-26 20:27:00 - [MESSAGE][INFO] - HAR: C:\Users\ranitha\git\DEMO\Reports\Demo Test Suite\20190826_201659\requests\main\260.har

2019-08-26 20:27:00 - [MESSAGE][PASSED] - Send request successfully

2019-08-26 20:27:02 - [MESSAGE][INFO] - HAR: C:\Users\ranitha\git\DEMO\Reports\Demo Test Suite\20190826_201659\requests\main\261.har

2019-08-26 20:27:02 - [MESSAGE][PASSED] - Send request successfully

2019-08-26 20:27:07 - [MESSAGE][INFO] - HAR: C:\Users\ranitha\git\DEMO\Reports\Demo Test Suite\20190826_201659\requests\main\262.har

2019-08-26 20:27:07 - [MESSAGE][PASSED] - Send request successfully

2019-08-26 20:27:09 - [MESSAGE][INFO] - HAR: C:\Users\ranitha\git\DEMO\Reports\Demo Test Suite\20190826_201659\requests\main\263.har

2019-08-26 20:27:09 - [MESSAGE][PASSED] - Send request successfully

2019-08-26 20:27:13 - [MESSAGE][INFO] - HAR: C:\Users\ranitha\git\DEMO\Reports\Demo Test Suite\20190826_201659\requests\main\264.har

2019-08-26 20:27:13 - [MESSAGE][PASSED] - Send request successfully

2019-08-26 20:27:15 - [MESSAGE][INFO] - HAR: C:\Users\ranitha\git\DEMO\Reports\Demo Test Suite\20190826_201659\requests\main\265.har

2019-08-26 20:27:15 - [MESSAGE][PASSED] - Send request successfully

2019-08-26 20:27:17 - [MESSAGE][INFO] - HAR: C:\Users\ranitha\git\DEMO\Reports\Demo Test Suite\20190826_201659\requests\main\266.har

2019-08-26 20:27:17 - [MESSAGE][PASSED] - Send request successfully

2019-08-26 20:27:20 - [MESSAGE][INFO] - HAR: C:\Users\ranitha\git\DEMO\Reports\Demo Test Suite\20190826_201659\requests\main\267.har

2019-08-26 20:27:20 - [MESSAGE][PASSED] - Send request successfully

2019-08-26 20:27:22 - [MESSAGE][INFO] - HAR: C:\Users\ranitha\git\DEMO\Reports\Demo Test Suite\20190826_201659\requests\main\268.har

2019-08-26 20:27:22 - [MESSAGE][PASSED] - Send request successfully

2019-08-26 20:27:24 - [MESSAGE][INFO] - HAR: C:\Users\ranitha\git\DEMO\Reports\Demo Test Suite\20190826_201659\requests\main\269.har

2019-08-26 20:27:24 - [MESSAGE][PASSED] - Send request successfully

2019-08-26 20:27:26 - [MESSAGE][INFO] - HAR: C:\Users\ranitha\git\DEMO\Reports\Demo Test Suite\20190826_201659\requests\main\270.har

2019-08-26 20:27:26 - [MESSAGE][PASSED] - Send request successfully

2019-08-26 20:27:29 - [MESSAGE][INFO] - HAR: C:\Users\ranitha\git\DEMO\Reports\Demo Test Suite\20190826_201659\requests\main\271.har

2019-08-26 20:27:29 - [MESSAGE][PASSED] - Send request successfully

2019-08-26 20:27:31 - [MESSAGE][INFO] - HAR: C:\Users\ranitha\git\DEMO\Reports\Demo Test Suite\20190826_201659\requests\main\272.har

2019-08-26 20:27:31 - [MESSAGE][PASSED] - Send request successfully

2019-08-26 20:27:33 - [MESSAGE][INFO] - HAR: C:\Users\ranitha\git\DEMO\Reports\Demo Test Suite\20190826_201659\requests\main\273.har

2019-08-26 20:27:33 - [MESSAGE][PASSED] - Send request successfully

2019-08-26 20:27:35 - [MESSAGE][INFO] - HAR: C:\Users\ranitha\git\DEMO\Reports\Demo Test Suite\20190826_201659\requests\main\274.har

2019-08-26 20:27:35 - [MESSAGE][PASSED] - Send request successfully

2019-08-26 20:27:38 - [MESSAGE][INFO] - HAR: C:\Users\ranitha\git\DEMO\Reports\Demo Test Suite\20190826_201659\requests\main\275.har

2019-08-26 20:27:38 - [MESSAGE][PASSED] - Send request successfully

2019-08-26 20:27:40 - [MESSAGE][INFO] - HAR: C:\Users\ranitha\git\DEMO\Reports\Demo Test Suite\20190826_201659\requests\main\276.har

2019-08-26 20:27:40 - [MESSAGE][PASSED] - Send request successfully

2019-08-26 20:27:42 - [MESSAGE][INFO] - HAR: C:\Users\ranitha\git\DEMO\Reports\Demo Test Suite\20190826_201659\requests\main\277.har

2019-08-26 20:27:42 - [MESSAGE][PASSED] - Send request successfully

2019-08-26 20:27:44 - [MESSAGE][INFO] - HAR: C:\Users\ranitha\git\DEMO\Reports\Demo Test Suite\20190826_201659\requests\main\278.har

2019-08-26 20:27:44 - [MESSAGE][PASSED] - Send request successfully

2019-08-26 20:27:46 - [MESSAGE][INFO] - HAR: C:\Users\ranitha\git\DEMO\Reports\Demo Test Suite\20190826_201659\requests\main\279.har

2019-08-26 20:27:46 - [MESSAGE][PASSED] - Send request successfully

2019-08-26 20:27:49 - [MESSAGE][INFO] - HAR: C:\Users\ranitha\git\DEMO\Reports\Demo Test Suite\20190826_201659\requests\main\280.har

2019-08-26 20:27:49 - [MESSAGE][PASSED] - Send request successfully

2019-08-26 20:27:51 - [MESSAGE][INFO] - HAR: C:\Users\ranitha\git\DEMO\Reports\Demo Test Suite\20190826_201659\requests\main\281.har

2019-08-26 20:27:51 - [MESSAGE][PASSED] - Send request successfully

2019-08-26 20:27:53 - [MESSAGE][INFO] - HAR: C:\Users\ranitha\git\DEMO\Reports\Demo Test Suite\20190826_201659\requests\main\282.har

2019-08-26 20:27:53 - [MESSAGE][PASSED] - Send request successfully

2019-08-26 20:27:55 - [MESSAGE][INFO] - HAR: C:\Users\ranitha\git\DEMO\Reports\Demo Test Suite\20190826_201659\requests\main\283.har

2019-08-26 20:27:55 - [MESSAGE][PASSED] - Send request successfully

2019-08-26 20:27:57 - [MESSAGE][INFO] - HAR: C:\Users\ranitha\git\DEMO\Reports\Demo Test Suite\20190826_201659\requests\main\284.har

2019-08-26 20:27:58 - [MESSAGE][PASSED] - Send request successfully

2019-08-26 20:28:00 - [MESSAGE][INFO] - HAR: C:\Users\ranitha\git\DEMO\Reports\Demo Test Suite\20190826_201659\requests\main\285.har

2019-08-26 20:28:00 - [MESSAGE][PASSED] - Send request successfully

2019-08-26 20:28:02 - [MESSAGE][INFO] - HAR: C:\Users\ranitha\git\DEMO\Reports\Demo Test Suite\20190826_201659\requests\main\286.har

2019-08-26 20:28:02 - [MESSAGE][PASSED] - Send request successfully

2019-08-26 20:28:04 - [MESSAGE][INFO] - HAR: C:\Users\ranitha\git\DEMO\Reports\Demo Test Suite\20190826_201659\requests\main\287.har

2019-08-26 20:28:04 - [MESSAGE][PASSED] - Send request successfully

2019-08-26 20:28:06 - [MESSAGE][INFO] - HAR: C:\Users\ranitha\git\DEMO\Reports\Demo Test Suite\20190826_201659\requests\main\288.har

2019-08-26 20:28:06 - [MESSAGE][PASSED] - Send request successfully

2019-08-26 20:28:09 - [MESSAGE][INFO] - HAR: C:\Users\ranitha\git\DEMO\Reports\Demo Test Suite\20190826_201659\requests\main\289.har

2019-08-26 20:28:09 - [MESSAGE][PASSED] - Send request successfully

2019-08-26 20:28:11 - [MESSAGE][INFO] - HAR: C:\Users\ranitha\git\DEMO\Reports\Demo Test Suite\20190826_201659\requests\main\290.har

2019-08-26 20:28:11 - [MESSAGE][PASSED] - Send request successfully

2019-08-26 20:28:13 - [MESSAGE][INFO] - HAR: C:\Users\ranitha\git\DEMO\Reports\Demo Test Suite\20190826_201659\requests\main\291.har

2019-08-26 20:28:13 - [MESSAGE][PASSED] - Send request successfully

2019-08-26 20:28:15 - [MESSAGE][INFO] - HAR: C:\Users\ranitha\git\DEMO\Reports\Demo Test Suite\20190826_201659\requests\main\292.har

2019-08-26 20:28:15 - [MESSAGE][PASSED] - Send request successfully

2019-08-26 20:28:16 - [MESSAGE][INFO] - HAR: C:\Users\ranitha\git\DEMO\Reports\Demo Test Suite\20190826_201659\requests\main\293.har

2019-08-26 20:28:16 - [MESSAGE][PASSED] - Send request successfully

2019-08-26 20:28:18 - [MESSAGE][INFO] - HAR: C:\Users\ranitha\git\DEMO\Reports\Demo Test Suite\20190826_201659\requests\main\294.har

2019-08-26 20:28:18 - [MESSAGE][PASSED] - Send request successfully

2019-08-26 20:28:19 - [MESSAGE][INFO] - HAR: C:\Users\ranitha\git\DEMO\Reports\Demo Test Suite\20190826_201659\requests\main\295.har

2019-08-26 20:28:19 - [MESSAGE][PASSED] - Send request successfully

2019-08-26 20:28:20 - [MESSAGE][INFO] - HAR: C:\Users\ranitha\git\DEMO\Reports\Demo Test Suite\20190826_201659\requests\main\296.har

2019-08-26 20:28:20 - [MESSAGE][PASSED] - Send request successfully

2019-08-26 20:28:21 - [MESSAGE][INFO] - HAR: C:\Users\ranitha\git\DEMO\Reports\Demo Test Suite\20190826_201659\requests\main\297.har

2019-08-26 20:28:21 - [MESSAGE][PASSED] - Send request successfully

2019-08-26 20:28:22 - [MESSAGE][INFO] - HAR: C:\Users\ranitha\git\DEMO\Reports\Demo Test Suite\20190826_201659\requests\main\298.har

2019-08-26 20:28:22 - [MESSAGE][PASSED] - Send request successfully

2019-08-26 20:28:22 - [MESSAGE][PASSED] - All links are accessible

2019-08-26 20:28:22 - [MESSAGE][PASSED] - All links on the page 'https://www.api.org/' are accessible

2019-08-26 20:28:22 - [TEST_STEP][PASSED] - today = new java.util.Date(): null

2019-08-26 20:28:22 - [TEST_STEP][PASSED] - todaysDate = today.format("MM_dd_yy"): null

2019-08-26 20:28:22 - [TEST_STEP][PASSED] - nowTime = today.format("hh_mm_ss"): null

2019-08-26 20:28:22 - [TEST_STEP][PASSED] - takeScreenshot("D:/Katalon/screenshot/image_" + todaysDate + "-" + nowTime + ".PNG"): Taking screenshot successfully

2019-08-26 20:28:22 - [MESSAGE][PASSED] - Taking screenshot successfully
[[ATTACHMENT|C:\\Users\\ranitha\\git\\DEMO\\Reports\\Demo Test Suite\\20190826_201659\\D:/Katalon/screenshot/image_08_26_19-08_28_22.PNG]]]]></system-out>
         <system-err><![CDATA[]]></system-err>
      </testcase>
      <system-out><![CDATA[2019-08-26 20:17:05 - [TEST_SUITE][FAILED] - Demo Test Suite: Test Cases/VerifyBrokenLinks_Fail_Scenario FAILED.
Reason:
com.kms.katalon.core.exception.StepFailedException: Unable to verify all links on the page 'http://www.deadlinkcity.com/' are accessible
	at com.kms.katalon.core.keyword.internal.KeywordMain.stepFailed(KeywordMain.groovy:48)
	at com.kms.katalon.core.webui.keyword.internal.WebUIKeywordMain.stepFailed(WebUIKeywordMain.groovy:65)
	at com.kms.katalon.core.webui.keyword.internal.WebUIKeywordMain.runKeyword(WebUIKeywordMain.groovy:27)
	at com.kms.katalon.core.webui.keyword.builtin.VerifyAllLinksOnCurrentPageAccessibleKeyword.verifyAllLinksOnCurrentPageAccessible(VerifyAllLinksOnCurrentPageAccessibleKeyword.groovy:48)
	at com.kms.katalon.core.webui.keyword.builtin.VerifyAllLinksOnCurrentPageAccessibleKeyword.execute(VerifyAllLinksOnCurrentPageAccessibleKeyword.groovy:32)
	at com.kms.katalon.core.keyword.internal.KeywordExecutor.executeKeywordForPlatform(KeywordExecutor.groovy:56)
	at com.kms.katalon.core.webui.keyword.WebUiBuiltInKeywords.verifyAllLinksOnCurrentPageAccessible(WebUiBuiltInKeywords.groovy:3754)
	at com.kms.katalon.core.webui.keyword.WebUiBuiltInKeywords$verifyAllLinksOnCurrentPageAccessible$5.call(Unknown Source)
	at VerifyBrokenLinks_Fail_Scenario.run(VerifyBrokenLinks_Fail_Scenario:22)
	at com.kms.katalon.core.main.ScriptEngine.run(ScriptEngine.java:194)
	at com.kms.katalon.core.main.ScriptEngine.runScriptAsRawText(ScriptEngine.java:119)
	at com.kms.katalon.core.main.TestCaseExecutor.runScript(TestCaseExecutor.java:331)
	at com.kms.katalon.core.main.TestCaseExecutor.doExecute(TestCaseExecutor.java:322)
	at com.kms.katalon.core.main.TestCaseExecutor.processExecutionPhase(TestCaseExecutor.java:301)
	at com.kms.katalon.core.main.TestCaseExecutor.accessMainPhase(TestCaseExecutor.java:293)
	at com.kms.katalon.core.main.TestCaseExecutor.execute(TestCaseExecutor.java:227)
	at com.kms.katalon.core.main.TestSuiteExecutor.accessTestCaseMainPhase(TestSuiteExecutor.java:129)
	at com.kms.katalon.core.main.TestSuiteExecutor.accessTestSuiteMainPhase(TestSuiteExecutor.java:112)
	at com.kms.katalon.core.main.TestSuiteExecutor.execute(TestSuiteExecutor.java:81)
	at com.kms.katalon.core.main.TestCaseMain.startTestSuite(TestCaseMain.java:157)
	at com.kms.katalon.core.main.TestCaseMain$startTestSuite$0.call(Unknown Source)
	at TempTestSuite1566830819230.run(TempTestSuite1566830819230.groovy:35)]]></system-out>
      <system-err><![CDATA[2019-08-26 20:17:05 - [TEST_SUITE][FAILED] - Demo Test Suite: Test Cases/VerifyBrokenLinks_Fail_Scenario FAILED.
Reason:
com.kms.katalon.core.exception.StepFailedException: Unable to verify all links on the page 'http://www.deadlinkcity.com/' are accessible
	at com.kms.katalon.core.keyword.internal.KeywordMain.stepFailed(KeywordMain.groovy:48)
	at com.kms.katalon.core.webui.keyword.internal.WebUIKeywordMain.stepFailed(WebUIKeywordMain.groovy:65)
	at com.kms.katalon.core.webui.keyword.internal.WebUIKeywordMain.runKeyword(WebUIKeywordMain.groovy:27)
	at com.kms.katalon.core.webui.keyword.builtin.VerifyAllLinksOnCurrentPageAccessibleKeyword.verifyAllLinksOnCurrentPageAccessible(VerifyAllLinksOnCurrentPageAccessibleKeyword.groovy:48)
	at com.kms.katalon.core.webui.keyword.builtin.VerifyAllLinksOnCurrentPageAccessibleKeyword.execute(VerifyAllLinksOnCurrentPageAccessibleKeyword.groovy:32)
	at com.kms.katalon.core.keyword.internal.KeywordExecutor.executeKeywordForPlatform(KeywordExecutor.groovy:56)
	at com.kms.katalon.core.webui.keyword.WebUiBuiltInKeywords.verifyAllLinksOnCurrentPageAccessible(WebUiBuiltInKeywords.groovy:3754)
	at com.kms.katalon.core.webui.keyword.WebUiBuiltInKeywords$verifyAllLinksOnCurrentPageAccessible$5.call(Unknown Source)
	at VerifyBrokenLinks_Fail_Scenario.run(VerifyBrokenLinks_Fail_Scenario:22)
	at com.kms.katalon.core.main.ScriptEngine.run(ScriptEngine.java:194)
	at com.kms.katalon.core.main.ScriptEngine.runScriptAsRawText(ScriptEngine.java:119)
	at com.kms.katalon.core.main.TestCaseExecutor.runScript(TestCaseExecutor.java:331)
	at com.kms.katalon.core.main.TestCaseExecutor.doExecute(TestCaseExecutor.java:322)
	at com.kms.katalon.core.main.TestCaseExecutor.processExecutionPhase(TestCaseExecutor.java:301)
	at com.kms.katalon.core.main.TestCaseExecutor.accessMainPhase(TestCaseExecutor.java:293)
	at com.kms.katalon.core.main.TestCaseExecutor.execute(TestCaseExecutor.java:227)
	at com.kms.katalon.core.main.TestSuiteExecutor.accessTestCaseMainPhase(TestSuiteExecutor.java:129)
	at com.kms.katalon.core.main.TestSuiteExecutor.accessTestSuiteMainPhase(TestSuiteExecutor.java:112)
	at com.kms.katalon.core.main.TestSuiteExecutor.execute(TestSuiteExecutor.java:81)
	at com.kms.katalon.core.main.TestCaseMain.startTestSuite(TestCaseMain.java:157)
	at com.kms.katalon.core.main.TestCaseMain$startTestSuite$0.call(Unknown Source)
	at TempTestSuite1566830819230.run(TempTestSuite1566830819230.groovy:35)]]></system-err>
   </testsuite>
</testsuites>
